<?xml version="1.0" encoding="UTF-8"?>
<coverage generated="1550097593988" clover="3.2.0">
  <project timestamp="1550097593988" name="All files">
    <metrics statements="218" coveredstatements="184" conditionals="68" coveredconditionals="52" methods="107" coveredmethods="80" elements="393" coveredelements="316" complexity="0" loc="218" ncloc="218" packages="4" files="37" classes="37">
      <package name="frontend">
        <metrics statements="4" coveredstatements="4" conditionals="0" coveredconditionals="0" methods="0" coveredmethods="0"/>
        <file name="config.js" path="/Users/dtoakley/repos/sick-fits/frontend/config.js">
          <metrics statements="3" coveredstatements="3" conditionals="0" coveredconditionals="0" methods="0" coveredmethods="0"/>
          <line num="2" count="2" type="stmt"/>
          <line num="3" count="2" type="stmt"/>
          <line num="5" count="2" type="stmt"/>
        </file>
        <file name="jest.setup.js" path="/Users/dtoakley/repos/sick-fits/frontend/jest.setup.js">
          <metrics statements="1" coveredstatements="1" conditionals="0" coveredconditionals="0" methods="0" coveredmethods="0"/>
          <line num="4" count="15" type="stmt"/>
        </file>
      </package>
      <package name="frontend.components">
        <metrics statements="165" coveredstatements="142" conditionals="60" coveredconditionals="47" methods="75" coveredmethods="59"/>
        <file name="AddToCart.js" path="/Users/dtoakley/repos/sick-fits/frontend/components/AddToCart.js">
          <metrics statements="4" coveredstatements="4" conditionals="2" coveredconditionals="2" methods="2" coveredmethods="2"/>
          <line num="7" count="2" type="stmt"/>
          <line num="19" count="3" type="stmt"/>
          <line num="20" count="3" type="stmt"/>
          <line num="31" count="6" type="stmt"/>
        </file>
        <file name="Cart.js" path="/Users/dtoakley/repos/sick-fits/frontend/components/Cart.js">
          <metrics statements="12" coveredstatements="12" conditionals="6" coveredconditionals="5" methods="6" coveredmethods="6"/>
          <line num="16" count="2" type="stmt"/>
          <line num="22" count="2" type="stmt"/>
          <line num="28" count="2" type="stmt"/>
          <line num="29" count="1" type="stmt"/>
          <line num="30" count="2" type="stmt"/>
          <line num="31" count="2" type="stmt"/>
          <line num="34" count="2" type="stmt"/>
          <line num="35" count="1" type="stmt"/>
          <line num="37" count="3" type="stmt"/>
          <line num="38" count="3" type="cond" truecount="2" falsecount="0"/>
          <line num="39" count="1" type="stmt"/>
          <line num="49" count="1" type="stmt"/>
        </file>
        <file name="CartCount.js" path="/Users/dtoakley/repos/sick-fits/frontend/components/CartCount.js">
          <metrics statements="6" coveredstatements="6" conditionals="0" coveredconditionals="0" methods="2" coveredmethods="2"/>
          <line num="6" count="2" type="stmt"/>
          <line num="31" count="2" type="stmt"/>
          <line num="32" count="2" type="stmt"/>
          <line num="44" count="2" type="stmt"/>
          <line num="45" count="6" type="stmt"/>
          <line num="60" count="2" type="stmt"/>
        </file>
        <file name="CartItem.js" path="/Users/dtoakley/repos/sick-fits/frontend/components/CartItem.js">
          <metrics statements="6" coveredstatements="6" conditionals="2" coveredconditionals="1" methods="2" coveredmethods="2"/>
          <line num="8" count="2" type="stmt"/>
          <line num="10" count="1" type="stmt"/>
          <line num="23" count="2" type="stmt"/>
          <line num="24" count="1" type="cond" truecount="1" falsecount="1"/>
          <line num="28" count="1" type="stmt"/>
          <line num="46" count="2" type="stmt"/>
        </file>
        <file name="ChargeCustomer.js" path="/Users/dtoakley/repos/sick-fits/frontend/components/ChargeCustomer.js">
          <metrics statements="11" coveredstatements="9" conditionals="5" coveredconditionals="5" methods="8" coveredmethods="6"/>
          <line num="13" count="3" type="stmt"/>
          <line num="28" count="5" type="stmt"/>
          <line num="35" count="3" type="stmt"/>
          <line num="36" count="3" type="stmt"/>
          <line num="40" count="0" type="stmt"/>
          <line num="42" count="3" type="stmt"/>
          <line num="49" count="5" type="stmt"/>
          <line num="52" count="9" type="cond" truecount="2" falsecount="0"/>
          <line num="53" count="5" type="stmt"/>
          <line num="59" count="5" type="stmt"/>
          <line num="67" count="0" type="stmt"/>
        </file>
        <file name="CreateItem.js" path="/Users/dtoakley/repos/sick-fits/frontend/components/CreateItem.js">
          <metrics statements="16" coveredstatements="16" conditionals="4" coveredconditionals="4" methods="5" coveredmethods="5"/>
          <line num="10" count="1" type="stmt"/>
          <line num="40" count="6" type="stmt"/>
          <line num="41" count="6" type="cond" truecount="2" falsecount="0"/>
          <line num="42" count="6" type="stmt"/>
          <line num="48" count="1" type="stmt"/>
          <line num="49" count="1" type="stmt"/>
          <line num="50" count="1" type="stmt"/>
          <line num="51" count="1" type="stmt"/>
          <line num="53" count="1" type="stmt"/>
          <line num="57" count="1" type="stmt"/>
          <line num="59" count="1" type="stmt"/>
          <line num="66" count="11" type="stmt"/>
          <line num="69" count="13" type="stmt"/>
          <line num="70" count="1" type="stmt"/>
          <line num="71" count="1" type="stmt"/>
          <line num="72" count="1" type="stmt"/>
        </file>
        <file name="DeleteItem.js" path="/Users/dtoakley/repos/sick-fits/frontend/components/DeleteItem.js">
          <metrics statements="9" coveredstatements="1" conditionals="2" coveredconditionals="0" methods="6" coveredmethods="0"/>
          <line num="7" count="1" type="stmt"/>
          <line num="20" count="0" type="stmt"/>
          <line num="23" count="0" type="stmt"/>
          <line num="26" count="0" type="stmt"/>
          <line num="30" count="0" type="stmt"/>
          <line num="37" count="0" type="stmt"/>
          <line num="38" count="0" type="cond" truecount="0" falsecount="2"/>
          <line num="39" count="0" type="stmt"/>
          <line num="40" count="0" type="stmt"/>
        </file>
        <file name="ErrorMessage.js" path="/Users/dtoakley/repos/sick-fits/frontend/components/ErrorMessage.js">
          <metrics statements="9" coveredstatements="7" conditionals="9" coveredconditionals="6" methods="2" coveredmethods="1"/>
          <line num="6" count="9" type="stmt"/>
          <line num="21" count="9" type="stmt"/>
          <line num="22" count="29" type="cond" truecount="4" falsecount="0"/>
          <line num="23" count="1" type="cond" truecount="2" falsecount="3"/>
          <line num="24" count="0" type="stmt"/>
          <line num="25" count="0" type="stmt"/>
          <line num="33" count="1" type="stmt"/>
          <line num="43" count="9" type="stmt"/>
          <line num="47" count="9" type="stmt"/>
        </file>
        <file name="Item.js" path="/Users/dtoakley/repos/sick-fits/frontend/components/Item.js">
          <metrics statements="2" coveredstatements="2" conditionals="2" coveredconditionals="2" methods="1" coveredmethods="1"/>
          <line num="25" count="4" type="stmt"/>
          <line num="26" count="4" type="stmt"/>
        </file>
        <file name="ItemDetails.js" path="/Users/dtoakley/repos/sick-fits/frontend/components/ItemDetails.js">
          <metrics statements="9" coveredstatements="9" conditionals="6" coveredconditionals="5" methods="3" coveredmethods="3"/>
          <line num="9" count="1" type="stmt"/>
          <line num="12" count="1" type="stmt"/>
          <line num="28" count="1" type="stmt"/>
          <line num="43" count="2" type="stmt"/>
          <line num="50" count="4" type="cond" truecount="2" falsecount="0"/>
          <line num="51" count="3" type="cond" truecount="2" falsecount="0"/>
          <line num="52" count="1" type="cond" truecount="1" falsecount="1"/>
          <line num="54" count="1" type="stmt"/>
          <line num="55" count="1" type="stmt"/>
        </file>
        <file name="Items.js" path="/Users/dtoakley/repos/sick-fits/frontend/components/Items.js">
          <metrics statements="9" coveredstatements="3" conditionals="4" coveredconditionals="0" methods="4" coveredmethods="0"/>
          <line num="10" count="1" type="stmt"/>
          <line num="23" count="1" type="stmt"/>
          <line num="28" count="1" type="stmt"/>
          <line num="32" count="0" type="stmt"/>
          <line num="39" count="0" type="stmt"/>
          <line num="51" count="0" type="cond" truecount="0" falsecount="2"/>
          <line num="52" count="0" type="cond" truecount="0" falsecount="2"/>
          <line num="53" count="0" type="stmt"/>
          <line num="55" count="0" type="stmt"/>
        </file>
        <file name="Nav.js" path="/Users/dtoakley/repos/sick-fits/frontend/components/Nav.js">
          <metrics statements="5" coveredstatements="5" conditionals="4" coveredconditionals="4" methods="4" coveredmethods="4"/>
          <line num="11" count="1" type="stmt"/>
          <line num="12" count="3" type="stmt"/>
          <line num="14" count="6" type="stmt"/>
          <line num="31" count="2" type="stmt"/>
          <line num="34" count="3" type="stmt"/>
        </file>
        <file name="Order.js" path="/Users/dtoakley/repos/sick-fits/frontend/components/Order.js">
          <metrics statements="7" coveredstatements="7" conditionals="4" coveredconditionals="3" methods="3" coveredmethods="3"/>
          <line num="11" count="1" type="stmt"/>
          <line num="38" count="1" type="stmt"/>
          <line num="44" count="2" type="cond" truecount="1" falsecount="1"/>
          <line num="45" count="2" type="cond" truecount="2" falsecount="0"/>
          <line num="46" count="1" type="stmt"/>
          <line num="47" count="1" type="stmt"/>
          <line num="74" count="2" type="stmt"/>
        </file>
        <file name="Pagination.js" path="/Users/dtoakley/repos/sick-fits/frontend/components/Pagination.js">
          <metrics statements="8" coveredstatements="8" conditionals="2" coveredconditionals="2" methods="2" coveredmethods="2"/>
          <line num="10" count="2" type="stmt"/>
          <line num="20" count="2" type="stmt"/>
          <line num="21" count="5" type="stmt"/>
          <line num="24" count="10" type="cond" truecount="2" falsecount="0"/>
          <line num="25" count="5" type="stmt"/>
          <line num="26" count="5" type="stmt"/>
          <line num="27" count="5" type="stmt"/>
          <line num="28" count="5" type="stmt"/>
        </file>
        <file name="PleaseSignIn.js" path="/Users/dtoakley/repos/sick-fits/frontend/components/PleaseSignIn.js">
          <metrics statements="6" coveredstatements="6" conditionals="4" coveredconditionals="4" methods="2" coveredmethods="2"/>
          <line num="8" count="1" type="stmt"/>
          <line num="9" count="2" type="stmt"/>
          <line num="11" count="4" type="cond" truecount="2" falsecount="0"/>
          <line num="12" count="2" type="cond" truecount="2" falsecount="0"/>
          <line num="13" count="1" type="stmt"/>
          <line num="20" count="1" type="stmt"/>
        </file>
        <file name="RemoveFromCart.js" path="/Users/dtoakley/repos/sick-fits/frontend/components/RemoveFromCart.js">
          <metrics statements="11" coveredstatements="11" conditionals="0" coveredconditionals="0" methods="7" coveredmethods="6"/>
          <line num="8" count="3" type="stmt"/>
          <line num="16" count="3" type="stmt"/>
          <line num="21" count="5" type="stmt"/>
          <line num="32" count="2" type="stmt"/>
          <line num="33" count="2" type="stmt"/>
          <line num="34" count="2" type="stmt"/>
          <line num="35" count="2" type="stmt"/>
          <line num="39" count="3" type="stmt"/>
          <line num="40" count="3" type="stmt"/>
          <line num="57" count="5" type="stmt"/>
          <line num="61" count="1" type="stmt"/>
        </file>
        <file name="RequestPasswordReset.js" path="/Users/dtoakley/repos/sick-fits/frontend/components/RequestPasswordReset.js">
          <metrics statements="8" coveredstatements="8" conditionals="4" coveredconditionals="4" methods="4" coveredmethods="4"/>
          <line num="8" count="1" type="stmt"/>
          <line num="25" count="1" type="stmt"/>
          <line num="26" count="1" type="stmt"/>
          <line num="32" count="4" type="stmt"/>
          <line num="38" count="6" type="stmt"/>
          <line num="42" count="1" type="stmt"/>
          <line num="43" count="1" type="stmt"/>
          <line num="44" count="1" type="stmt"/>
        </file>
        <file name="Signin.js" path="/Users/dtoakley/repos/sick-fits/frontend/components/Signin.js">
          <metrics statements="9" coveredstatements="4" conditionals="0" coveredconditionals="0" methods="4" coveredmethods="2"/>
          <line num="9" count="1" type="stmt"/>
          <line num="22" count="1" type="stmt"/>
          <line num="32" count="0" type="stmt"/>
          <line num="33" count="0" type="stmt"/>
          <line num="39" count="1" type="stmt"/>
          <line num="48" count="1" type="stmt"/>
          <line num="51" count="0" type="stmt"/>
          <line num="52" count="0" type="stmt"/>
          <line num="53" count="0" type="stmt"/>
        </file>
        <file name="Signout.js" path="/Users/dtoakley/repos/sick-fits/frontend/components/Signout.js">
          <metrics statements="4" coveredstatements="4" conditionals="0" coveredconditionals="0" methods="2" coveredmethods="2"/>
          <line num="7" count="1" type="stmt"/>
          <line num="15" count="1" type="stmt"/>
          <line num="16" count="2" type="stmt"/>
          <line num="22" count="2" type="stmt"/>
        </file>
        <file name="Signup.js" path="/Users/dtoakley/repos/sick-fits/frontend/components/Signup.js">
          <metrics statements="9" coveredstatements="9" conditionals="0" coveredconditionals="0" methods="4" coveredmethods="4"/>
          <line num="9" count="1" type="stmt"/>
          <line num="23" count="1" type="stmt"/>
          <line num="34" count="3" type="stmt"/>
          <line num="35" count="3" type="stmt"/>
          <line num="41" count="6" type="stmt"/>
          <line num="50" count="8" type="stmt"/>
          <line num="53" count="1" type="stmt"/>
          <line num="54" count="1" type="stmt"/>
          <line num="55" count="1" type="stmt"/>
        </file>
        <file name="User.js" path="/Users/dtoakley/repos/sick-fits/frontend/components/User.js">
          <metrics statements="5" coveredstatements="5" conditionals="0" coveredconditionals="0" methods="2" coveredmethods="2"/>
          <line num="7" count="8" type="stmt"/>
          <line num="29" count="8" type="stmt"/>
          <line num="30" count="9" type="stmt"/>
          <line num="32" count="17" type="stmt"/>
          <line num="37" count="8" type="stmt"/>
        </file>
      </package>
      <package name="frontend.components.styles">
        <metrics statements="31" coveredstatements="25" conditionals="2" coveredconditionals="2" methods="19" coveredmethods="13"/>
        <file name="CartStyles.js" path="/Users/dtoakley/repos/sick-fits/frontend/components/styles/CartStyles.js">
          <metrics statements="4" coveredstatements="4" conditionals="2" coveredconditionals="2" methods="3" coveredmethods="3"/>
          <line num="3" count="2" type="stmt"/>
          <line num="20" count="1" type="cond" truecount="2" falsecount="0"/>
          <line num="22" count="1" type="stmt"/>
          <line num="27" count="1" type="stmt"/>
        </file>
        <file name="CloseButton.js" path="/Users/dtoakley/repos/sick-fits/frontend/components/styles/CloseButton.js">
          <metrics statements="1" coveredstatements="1" conditionals="0" coveredconditionals="0" methods="0" coveredmethods="0"/>
          <line num="3" count="2" type="stmt"/>
        </file>
        <file name="Form.js" path="/Users/dtoakley/repos/sick-fits/frontend/components/styles/Form.js">
          <metrics statements="3" coveredstatements="3" conditionals="0" coveredconditionals="0" methods="1" coveredmethods="1"/>
          <line num="3" count="4" type="stmt"/>
          <line num="15" count="4" type="stmt"/>
          <line num="36" count="28" type="stmt"/>
        </file>
        <file name="ItemStyles.js" path="/Users/dtoakley/repos/sick-fits/frontend/components/styles/ItemStyles.js">
          <metrics statements="5" coveredstatements="1" conditionals="0" coveredconditionals="0" methods="4" coveredmethods="0"/>
          <line num="3" count="1" type="stmt"/>
          <line num="5" count="0" type="stmt"/>
          <line num="6" count="0" type="stmt"/>
          <line num="26" count="0" type="stmt"/>
          <line num="29" count="0" type="stmt"/>
        </file>
        <file name="NavStyles.js" path="/Users/dtoakley/repos/sick-fits/frontend/components/styles/NavStyles.js">
          <metrics statements="3" coveredstatements="3" conditionals="0" coveredconditionals="0" methods="2" coveredmethods="2"/>
          <line num="3" count="1" type="stmt"/>
          <line num="28" count="6" type="stmt"/>
          <line num="60" count="6" type="stmt"/>
        </file>
        <file name="OrderStyles.js" path="/Users/dtoakley/repos/sick-fits/frontend/components/styles/OrderStyles.js">
          <metrics statements="5" coveredstatements="5" conditionals="0" coveredconditionals="0" methods="4" coveredmethods="4"/>
          <line num="3" count="1" type="stmt"/>
          <line num="6" count="1" type="stmt"/>
          <line num="7" count="1" type="stmt"/>
          <line num="14" count="1" type="stmt"/>
          <line num="24" count="1" type="stmt"/>
        </file>
        <file name="PaginationStyles.js" path="/Users/dtoakley/repos/sick-fits/frontend/components/styles/PaginationStyles.js">
          <metrics statements="3" coveredstatements="3" conditionals="0" coveredconditionals="0" methods="2" coveredmethods="2"/>
          <line num="3" count="2" type="stmt"/>
          <line num="11" count="5" type="stmt"/>
          <line num="16" count="5" type="stmt"/>
        </file>
        <file name="PriceTag.js" path="/Users/dtoakley/repos/sick-fits/frontend/components/styles/PriceTag.js">
          <metrics statements="2" coveredstatements="1" conditionals="0" coveredconditionals="0" methods="1" coveredmethods="0"/>
          <line num="3" count="1" type="stmt"/>
          <line num="4" count="0" type="stmt"/>
        </file>
        <file name="SickButton.js" path="/Users/dtoakley/repos/sick-fits/frontend/components/styles/SickButton.js">
          <metrics statements="1" coveredstatements="1" conditionals="0" coveredconditionals="0" methods="0" coveredmethods="0"/>
          <line num="3" count="2" type="stmt"/>
        </file>
        <file name="Supreme.js" path="/Users/dtoakley/repos/sick-fits/frontend/components/styles/Supreme.js">
          <metrics statements="2" coveredstatements="2" conditionals="0" coveredconditionals="0" methods="1" coveredmethods="1"/>
          <line num="3" count="2" type="stmt"/>
          <line num="4" count="1" type="stmt"/>
        </file>
        <file name="Title.js" path="/Users/dtoakley/repos/sick-fits/frontend/components/styles/Title.js">
          <metrics statements="2" coveredstatements="1" conditionals="0" coveredconditionals="0" methods="1" coveredmethods="0"/>
          <line num="3" count="1" type="stmt"/>
          <line num="10" count="0" type="stmt"/>
        </file>
      </package>
      <package name="frontend.lib">
        <metrics statements="18" coveredstatements="13" conditionals="6" coveredconditionals="3" methods="13" coveredmethods="8"/>
        <file name="calcTotalPrice.js" path="/Users/dtoakley/repos/sick-fits/frontend/lib/calcTotalPrice.js">
          <metrics statements="3" coveredstatements="3" conditionals="2" coveredconditionals="1" methods="2" coveredmethods="2"/>
          <line num="2" count="6" type="stmt"/>
          <line num="3" count="6" type="cond" truecount="1" falsecount="1"/>
          <line num="4" count="6" type="stmt"/>
        </file>
        <file name="formatMoney.js" path="/Users/dtoakley/repos/sick-fits/frontend/lib/formatMoney.js">
          <metrics statements="4" coveredstatements="4" conditionals="2" coveredconditionals="2" methods="1" coveredmethods="1"/>
          <line num="2" count="21" type="stmt"/>
          <line num="8" count="21" type="cond" truecount="2" falsecount="0"/>
          <line num="9" count="21" type="stmt"/>
          <line num="10" count="21" type="stmt"/>
        </file>
        <file name="testUtils.js" path="/Users/dtoakley/repos/sick-fits/frontend/lib/testUtils.js">
          <metrics statements="11" coveredstatements="6" conditionals="2" coveredconditionals="0" methods="10" coveredmethods="5"/>
          <line num="4" count="10" type="stmt"/>
          <line num="6" count="10" type="stmt"/>
          <line num="17" count="18" type="stmt"/>
          <line num="27" count="10" type="stmt"/>
          <line num="37" count="10" type="stmt"/>
          <line num="47" count="10" type="stmt"/>
          <line num="58" count="0" type="stmt"/>
          <line num="62" count="0" type="stmt"/>
          <line num="66" count="0" type="cond" truecount="0" falsecount="2"/>
          <line num="70" count="0" type="stmt"/>
          <line num="74" count="0" type="stmt"/>
        </file>
      </package>
    </metrics>
  </project>
</coverage>
