{"/Users/dtoakley/repos/sick-fits/frontend/config.js": {"path":"/Users/dtoakley/repos/sick-fits/frontend/config.js","statementMap":{"0":{"start":{"line":2,"column":24},"end":{"line":2,"column":47}},"1":{"start":{"line":3,"column":23},"end":{"line":3,"column":24}},"2":{"start":{"line":5,"column":35},"end":{"line":12,"column":1}}},"fnMap":{},"branchMap":{},"s":{"0":2,"1":2,"2":2},"f":{},"b":{},"_coverageSchema":"332fd63041d2c1bcb487cc26dd0d5f7d97098a6c","hash":"76fee5071e59f16deade28326c31e188c6430699"}
,"/Users/dtoakley/repos/sick-fits/frontend/jest.setup.js": {"path":"/Users/dtoakley/repos/sick-fits/frontend/jest.setup.js","statementMap":{"0":{"start":{"line":4,"column":0},"end":{"line":4,"column":37}}},"fnMap":{},"branchMap":{},"s":{"0":15},"f":{},"b":{},"_coverageSchema":"332fd63041d2c1bcb487cc26dd0d5f7d97098a6c","hash":"499d7f2be90df5090d79ca90ebadd2c86bb40c7f"}
,"/Users/dtoakley/repos/sick-fits/frontend/components/AddToCart.js": {"path":"/Users/dtoakley/repos/sick-fits/frontend/components/AddToCart.js","statementMap":{"0":{"start":{"line":7,"column":29},"end":{"line":14,"column":1}},"1":{"start":{"line":19,"column":19},"end":{"line":19,"column":32}},"2":{"start":{"line":20,"column":8},"end":{"line":36,"column":9}},"3":{"start":{"line":31,"column":20},"end":{"line":33,"column":29}}},"fnMap":{"0":{"name":"(anonymous_0)","decl":{"start":{"line":18,"column":4},"end":{"line":18,"column":5}},"loc":{"start":{"line":18,"column":13},"end":{"line":37,"column":5}},"line":18},"1":{"name":"(anonymous_1)","decl":{"start":{"line":30,"column":17},"end":{"line":30,"column":18}},"loc":{"start":{"line":31,"column":20},"end":{"line":33,"column":29}},"line":31}},"branchMap":{"0":{"loc":{"start":{"line":32,"column":28},"end":{"line":32,"column":44}},"type":"binary-expr","locations":[{"start":{"line":32,"column":28},"end":{"line":32,"column":35}},{"start":{"line":32,"column":39},"end":{"line":32,"column":44}}],"line":32}},"s":{"0":2,"1":3,"2":3,"3":6},"f":{"0":3,"1":6},"b":{"0":[6,2]},"_coverageSchema":"332fd63041d2c1bcb487cc26dd0d5f7d97098a6c","hash":"d875c08b4b3611d01bc820d6266f608554d6cee9"}
,"/Users/dtoakley/repos/sick-fits/frontend/components/Cart.js": {"path":"/Users/dtoakley/repos/sick-fits/frontend/components/Cart.js","statementMap":{"0":{"start":{"line":16,"column":26},"end":{"line":20,"column":1}},"1":{"start":{"line":22,"column":29},"end":{"line":26,"column":1}},"2":{"start":{"line":28,"column":17},"end":{"line":32,"column":2}},"3":{"start":{"line":29,"column":26},"end":{"line":29,"column":47}},"4":{"start":{"line":30,"column":32},"end":{"line":30,"column":93}},"5":{"start":{"line":31,"column":32},"end":{"line":31,"column":81}},"6":{"start":{"line":34,"column":13},"end":{"line":63,"column":1}},"7":{"start":{"line":35,"column":4},"end":{"line":62,"column":15}},"8":{"start":{"line":37,"column":23},"end":{"line":37,"column":35}},"9":{"start":{"line":38,"column":12},"end":{"line":38,"column":32}},"10":{"start":{"line":38,"column":21},"end":{"line":38,"column":32}},"11":{"start":{"line":39,"column":12},"end":{"line":60,"column":13}},"12":{"start":{"line":49,"column":49},"end":{"line":49,"column":98}}},"fnMap":{"0":{"name":"(anonymous_0)","decl":{"start":{"line":29,"column":10},"end":{"line":29,"column":11}},"loc":{"start":{"line":29,"column":26},"end":{"line":29,"column":47}},"line":29},"1":{"name":"(anonymous_1)","decl":{"start":{"line":30,"column":16},"end":{"line":30,"column":17}},"loc":{"start":{"line":30,"column":32},"end":{"line":30,"column":93}},"line":30},"2":{"name":"(anonymous_2)","decl":{"start":{"line":31,"column":16},"end":{"line":31,"column":17}},"loc":{"start":{"line":31,"column":32},"end":{"line":31,"column":81}},"line":31},"3":{"name":"(anonymous_3)","decl":{"start":{"line":34,"column":13},"end":{"line":34,"column":14}},"loc":{"start":{"line":35,"column":4},"end":{"line":62,"column":15}},"line":35},"4":{"name":"(anonymous_4)","decl":{"start":{"line":36,"column":9},"end":{"line":36,"column":10}},"loc":{"start":{"line":36,"column":47},"end":{"line":61,"column":9}},"line":36},"5":{"name":"(anonymous_5)","decl":{"start":{"line":49,"column":37},"end":{"line":49,"column":38}},"loc":{"start":{"line":49,"column":49},"end":{"line":49,"column":98}},"line":49}},"branchMap":{"0":{"loc":{"start":{"line":38,"column":12},"end":{"line":38,"column":32}},"type":"if","locations":[{"start":{"line":38,"column":12},"end":{"line":38,"column":32}},{"start":{"line":38,"column":12},"end":{"line":38,"column":32}}],"line":38},"1":{"loc":{"start":{"line":46,"column":58},"end":{"line":46,"column":89}},"type":"cond-expr","locations":[{"start":{"line":46,"column":81},"end":{"line":46,"column":83}},{"start":{"line":46,"column":86},"end":{"line":46,"column":89}}],"line":46},"2":{"loc":{"start":{"line":53,"column":25},"end":{"line":57,"column":25}},"type":"binary-expr","locations":[{"start":{"line":53,"column":25},"end":{"line":53,"column":39}},{"start":{"line":54,"column":28},"end":{"line":56,"column":45}}],"line":53}},"s":{"0":2,"1":2,"2":2,"3":1,"4":2,"5":2,"6":2,"7":1,"8":3,"9":3,"10":2,"11":1,"12":1},"f":{"0":1,"1":2,"2":2,"3":1,"4":3,"5":1},"b":{"0":[2,1],"1":[1,0],"2":[1,1]},"_coverageSchema":"332fd63041d2c1bcb487cc26dd0d5f7d97098a6c","hash":"60e38c395d7643a5e48a5855fe3737bc464a6c43"}
,"/Users/dtoakley/repos/sick-fits/frontend/components/CartCount.js": {"path":"/Users/dtoakley/repos/sick-fits/frontend/components/CartCount.js","statementMap":{"0":{"start":{"line":6,"column":24},"end":{"line":29,"column":1}},"1":{"start":{"line":31,"column":12},"end":{"line":42,"column":1}},"2":{"start":{"line":32,"column":25},"end":{"line":32,"column":40}},"3":{"start":{"line":44,"column":18},"end":{"line":58,"column":1}},"4":{"start":{"line":45,"column":4},"end":{"line":57,"column":22}},"5":{"start":{"line":60,"column":0},"end":{"line":62,"column":2}}},"fnMap":{"0":{"name":"(anonymous_0)","decl":{"start":{"line":32,"column":16},"end":{"line":32,"column":17}},"loc":{"start":{"line":32,"column":25},"end":{"line":32,"column":40}},"line":32},"1":{"name":"(anonymous_1)","decl":{"start":{"line":44,"column":18},"end":{"line":44,"column":19}},"loc":{"start":{"line":45,"column":4},"end":{"line":57,"column":22}},"line":45}},"branchMap":{},"s":{"0":2,"1":2,"2":2,"3":2,"4":6,"5":2},"f":{"0":2,"1":6},"b":{},"_coverageSchema":"332fd63041d2c1bcb487cc26dd0d5f7d97098a6c","hash":"066d8e020d3458d4178ca2416bfb24eeee707dec"}
,"/Users/dtoakley/repos/sick-fits/frontend/components/CartItem.js": {"path":"/Users/dtoakley/repos/sick-fits/frontend/components/CartItem.js","statementMap":{"0":{"start":{"line":8,"column":23},"end":{"line":21,"column":1}},"1":{"start":{"line":10,"column":38},"end":{"line":10,"column":59}},"2":{"start":{"line":23,"column":17},"end":{"line":44,"column":1}},"3":{"start":{"line":24,"column":4},"end":{"line":27,"column":21}},"4":{"start":{"line":24,"column":24},"end":{"line":27,"column":21}},"5":{"start":{"line":28,"column":4},"end":{"line":43,"column":5}},"6":{"start":{"line":46,"column":0},"end":{"line":48,"column":1}}},"fnMap":{"0":{"name":"(anonymous_0)","decl":{"start":{"line":10,"column":29},"end":{"line":10,"column":30}},"loc":{"start":{"line":10,"column":38},"end":{"line":10,"column":59}},"line":10},"1":{"name":"(anonymous_1)","decl":{"start":{"line":23,"column":17},"end":{"line":23,"column":18}},"loc":{"start":{"line":23,"column":35},"end":{"line":44,"column":1}},"line":23}},"branchMap":{"0":{"loc":{"start":{"line":24,"column":4},"end":{"line":27,"column":21}},"type":"if","locations":[{"start":{"line":24,"column":4},"end":{"line":27,"column":21}},{"start":{"line":24,"column":4},"end":{"line":27,"column":21}}],"line":24}},"s":{"0":2,"1":1,"2":2,"3":1,"4":0,"5":1,"6":2},"f":{"0":1,"1":1},"b":{"0":[0,1]},"_coverageSchema":"332fd63041d2c1bcb487cc26dd0d5f7d97098a6c","hash":"48ab895bfec98f5bd03ee1cf01f64663b563d078"}
,"/Users/dtoakley/repos/sick-fits/frontend/components/ChargeCustomer.js": {"path":"/Users/dtoakley/repos/sick-fits/frontend/components/ChargeCustomer.js","statementMap":{"0":{"start":{"line":13,"column":30},"end":{"line":25,"column":1}},"1":{"start":{"line":28,"column":4},"end":{"line":28,"column":73}},"2":{"start":{"line":28,"column":44},"end":{"line":28,"column":69}},"3":{"start":{"line":35,"column":8},"end":{"line":35,"column":25}},"4":{"start":{"line":36,"column":22},"end":{"line":40,"column":43}},"5":{"start":{"line":40,"column":24},"end":{"line":40,"column":42}},"6":{"start":{"line":42,"column":8},"end":{"line":45,"column":10}},"7":{"start":{"line":49,"column":8},"end":{"line":76,"column":9}},"8":{"start":{"line":52,"column":20},"end":{"line":52,"column":44}},"9":{"start":{"line":52,"column":33},"end":{"line":52,"column":44}},"10":{"start":{"line":53,"column":20},"end":{"line":73,"column":21}},"11":{"start":{"line":59,"column":32},"end":{"line":70,"column":49}},"12":{"start":{"line":67,"column":50},"end":{"line":67,"column":80}}},"fnMap":{"0":{"name":"totalItems","decl":{"start":{"line":27,"column":9},"end":{"line":27,"column":19}},"loc":{"start":{"line":27,"column":26},"end":{"line":29,"column":1}},"line":27},"1":{"name":"(anonymous_1)","decl":{"start":{"line":28,"column":23},"end":{"line":28,"column":24}},"loc":{"start":{"line":28,"column":44},"end":{"line":28,"column":69}},"line":28},"2":{"name":"(anonymous_2)","decl":{"start":{"line":34,"column":14},"end":{"line":34,"column":15}},"loc":{"start":{"line":34,"column":42},"end":{"line":46,"column":5}},"line":34},"3":{"name":"(anonymous_3)","decl":{"start":{"line":40,"column":17},"end":{"line":40,"column":18}},"loc":{"start":{"line":40,"column":24},"end":{"line":40,"column":42}},"line":40},"4":{"name":"(anonymous_4)","decl":{"start":{"line":48,"column":4},"end":{"line":48,"column":5}},"loc":{"start":{"line":48,"column":13},"end":{"line":77,"column":5}},"line":48},"5":{"name":"(anonymous_5)","decl":{"start":{"line":51,"column":17},"end":{"line":51,"column":18}},"loc":{"start":{"line":51,"column":47},"end":{"line":74,"column":17}},"line":51},"6":{"name":"(anonymous_6)","decl":{"start":{"line":58,"column":29},"end":{"line":58,"column":30}},"loc":{"start":{"line":59,"column":32},"end":{"line":70,"column":49}},"line":59},"7":{"name":"(anonymous_7)","decl":{"start":{"line":67,"column":43},"end":{"line":67,"column":44}},"loc":{"start":{"line":67,"column":50},"end":{"line":67,"column":80}},"line":67}},"branchMap":{"0":{"loc":{"start":{"line":52,"column":20},"end":{"line":52,"column":44}},"type":"if","locations":[{"start":{"line":52,"column":20},"end":{"line":52,"column":44}},{"start":{"line":52,"column":20},"end":{"line":52,"column":44}}],"line":52},"1":{"loc":{"start":{"line":63,"column":43},"end":{"line":63,"column":101}},"type":"binary-expr","locations":[{"start":{"line":63,"column":43},"end":{"line":63,"column":57}},{"start":{"line":63,"column":61},"end":{"line":63,"column":76}},{"start":{"line":63,"column":80},"end":{"line":63,"column":101}}],"line":63}},"s":{"0":3,"1":5,"2":5,"3":3,"4":3,"5":0,"6":3,"7":5,"8":9,"9":4,"10":5,"11":5,"12":0},"f":{"0":5,"1":5,"2":3,"3":0,"4":5,"5":9,"6":5,"7":0},"b":{"0":[4,5],"1":[5,5,5]},"_coverageSchema":"332fd63041d2c1bcb487cc26dd0d5f7d97098a6c","hash":"448872ce2606bcbd43bed52af74da82633145b7a"}
,"/Users/dtoakley/repos/sick-fits/frontend/components/CreateItem.js": {"path":"/Users/dtoakley/repos/sick-fits/frontend/components/CreateItem.js","statementMap":{"0":{"start":{"line":10,"column":29},"end":{"line":28,"column":1}},"1":{"start":{"line":40,"column":39},"end":{"line":40,"column":51}},"2":{"start":{"line":41,"column":20},"end":{"line":41,"column":65}},"3":{"start":{"line":42,"column":8},"end":{"line":44,"column":10}},"4":{"start":{"line":48,"column":22},"end":{"line":48,"column":40}},"5":{"start":{"line":49,"column":21},"end":{"line":49,"column":35}},"6":{"start":{"line":50,"column":8},"end":{"line":50,"column":37}},"7":{"start":{"line":51,"column":8},"end":{"line":51,"column":49}},"8":{"start":{"line":53,"column":24},"end":{"line":56,"column":9}},"9":{"start":{"line":57,"column":20},"end":{"line":57,"column":41}},"10":{"start":{"line":59,"column":7},"end":{"line":62,"column":9}},"11":{"start":{"line":66,"column":8},"end":{"line":133,"column":10}},"12":{"start":{"line":69,"column":16},"end":{"line":130,"column":23}},"13":{"start":{"line":70,"column":20},"end":{"line":70,"column":42}},"14":{"start":{"line":71,"column":37},"end":{"line":71,"column":55}},"15":{"start":{"line":72,"column":20},"end":{"line":75,"column":22}}},"fnMap":{"0":{"name":"(anonymous_0)","decl":{"start":{"line":39,"column":19},"end":{"line":39,"column":20}},"loc":{"start":{"line":39,"column":28},"end":{"line":45,"column":5}},"line":39},"1":{"name":"(anonymous_1)","decl":{"start":{"line":47,"column":16},"end":{"line":47,"column":17}},"loc":{"start":{"line":47,"column":31},"end":{"line":63,"column":5}},"line":47},"2":{"name":"(anonymous_2)","decl":{"start":{"line":65,"column":4},"end":{"line":65,"column":5}},"loc":{"start":{"line":65,"column":13},"end":{"line":134,"column":5}},"line":65},"3":{"name":"(anonymous_3)","decl":{"start":{"line":68,"column":17},"end":{"line":68,"column":18}},"loc":{"start":{"line":69,"column":16},"end":{"line":130,"column":23}},"line":69},"4":{"name":"(anonymous_4)","decl":{"start":{"line":69,"column":33},"end":{"line":69,"column":34}},"loc":{"start":{"line":69,"column":48},"end":{"line":76,"column":17}},"line":69}},"branchMap":{"0":{"loc":{"start":{"line":41,"column":20},"end":{"line":41,"column":65}},"type":"cond-expr","locations":[{"start":{"line":41,"column":40},"end":{"line":41,"column":57}},{"start":{"line":41,"column":60},"end":{"line":41,"column":65}}],"line":41},"1":{"loc":{"start":{"line":112,"column":29},"end":{"line":112,"column":112}},"type":"binary-expr","locations":[{"start":{"line":112,"column":29},"end":{"line":112,"column":45}},{"start":{"line":112,"column":49},"end":{"line":112,"column":112}}],"line":112}},"s":{"0":1,"1":6,"2":6,"3":6,"4":1,"5":1,"6":1,"7":1,"8":1,"9":1,"10":1,"11":11,"12":13,"13":1,"14":1,"15":1},"f":{"0":6,"1":1,"2":11,"3":13,"4":1},"b":{"0":[2,4],"1":[13,1]},"_coverageSchema":"332fd63041d2c1bcb487cc26dd0d5f7d97098a6c","hash":"0007f9e91340789efeb67c0dc7536a61081a4f55"}
,"/Users/dtoakley/repos/sick-fits/frontend/components/DeleteItem.js": {"path":"/Users/dtoakley/repos/sick-fits/frontend/components/DeleteItem.js","statementMap":{"0":{"start":{"line":7,"column":29},"end":{"line":13,"column":1}},"1":{"start":{"line":20,"column":21},"end":{"line":20,"column":64}},"2":{"start":{"line":23,"column":8},"end":{"line":23,"column":86}},"3":{"start":{"line":23,"column":47},"end":{"line":23,"column":85}},"4":{"start":{"line":26,"column":8},"end":{"line":26,"column":58}},"5":{"start":{"line":30,"column":8},"end":{"line":50,"column":9}},"6":{"start":{"line":37,"column":20},"end":{"line":45,"column":29}},"7":{"start":{"line":38,"column":24},"end":{"line":42,"column":25}},"8":{"start":{"line":39,"column":28},"end":{"line":41,"column":30}},"9":{"start":{"line":40,"column":32},"end":{"line":40,"column":50}}},"fnMap":{"0":{"name":"(anonymous_0)","decl":{"start":{"line":17,"column":13},"end":{"line":17,"column":14}},"loc":{"start":{"line":17,"column":33},"end":{"line":27,"column":5}},"line":17},"1":{"name":"(anonymous_1)","decl":{"start":{"line":23,"column":39},"end":{"line":23,"column":40}},"loc":{"start":{"line":23,"column":47},"end":{"line":23,"column":85}},"line":23},"2":{"name":"(anonymous_2)","decl":{"start":{"line":29,"column":4},"end":{"line":29,"column":5}},"loc":{"start":{"line":29,"column":13},"end":{"line":51,"column":5}},"line":29},"3":{"name":"(anonymous_3)","decl":{"start":{"line":36,"column":17},"end":{"line":36,"column":18}},"loc":{"start":{"line":37,"column":20},"end":{"line":45,"column":29}},"line":37},"4":{"name":"(anonymous_4)","decl":{"start":{"line":37,"column":37},"end":{"line":37,"column":38}},"loc":{"start":{"line":37,"column":43},"end":{"line":43,"column":21}},"line":37},"5":{"name":"(anonymous_5)","decl":{"start":{"line":39,"column":47},"end":{"line":39,"column":48}},"loc":{"start":{"line":39,"column":54},"end":{"line":41,"column":29}},"line":39}},"branchMap":{"0":{"loc":{"start":{"line":38,"column":24},"end":{"line":42,"column":25}},"type":"if","locations":[{"start":{"line":38,"column":24},"end":{"line":42,"column":25}},{"start":{"line":38,"column":24},"end":{"line":42,"column":25}}],"line":38}},"s":{"0":1,"1":0,"2":0,"3":0,"4":0,"5":0,"6":0,"7":0,"8":0,"9":0},"f":{"0":0,"1":0,"2":0,"3":0,"4":0,"5":0},"b":{"0":[0,0]},"_coverageSchema":"332fd63041d2c1bcb487cc26dd0d5f7d97098a6c","hash":"208be53ce54fa15fe18fe147e8a377969b202dee"}
,"/Users/dtoakley/repos/sick-fits/frontend/components/ErrorMessage.js": {"path":"/Users/dtoakley/repos/sick-fits/frontend/components/ErrorMessage.js","statementMap":{"0":{"start":{"line":6,"column":20},"end":{"line":19,"column":1}},"1":{"start":{"line":21,"column":21},"end":{"line":41,"column":1}},"2":{"start":{"line":22,"column":2},"end":{"line":22,"column":44}},"3":{"start":{"line":22,"column":32},"end":{"line":22,"column":44}},"4":{"start":{"line":23,"column":2},"end":{"line":32,"column":3}},"5":{"start":{"line":24,"column":4},"end":{"line":31,"column":7}},"6":{"start":{"line":25,"column":6},"end":{"line":30,"column":20}},"7":{"start":{"line":33,"column":2},"end":{"line":40,"column":4}},"8":{"start":{"line":43,"column":0},"end":{"line":45,"column":2}},"9":{"start":{"line":47,"column":0},"end":{"line":49,"column":2}}},"fnMap":{"0":{"name":"(anonymous_0)","decl":{"start":{"line":21,"column":21},"end":{"line":21,"column":22}},"loc":{"start":{"line":21,"column":36},"end":{"line":41,"column":1}},"line":21},"1":{"name":"(anonymous_1)","decl":{"start":{"line":24,"column":48},"end":{"line":24,"column":49}},"loc":{"start":{"line":25,"column":6},"end":{"line":30,"column":20}},"line":25}},"branchMap":{"0":{"loc":{"start":{"line":22,"column":2},"end":{"line":22,"column":44}},"type":"if","locations":[{"start":{"line":22,"column":2},"end":{"line":22,"column":44}},{"start":{"line":22,"column":2},"end":{"line":22,"column":44}}],"line":22},"1":{"loc":{"start":{"line":22,"column":6},"end":{"line":22,"column":30}},"type":"binary-expr","locations":[{"start":{"line":22,"column":6},"end":{"line":22,"column":12}},{"start":{"line":22,"column":16},"end":{"line":22,"column":30}}],"line":22},"2":{"loc":{"start":{"line":23,"column":2},"end":{"line":32,"column":3}},"type":"if","locations":[{"start":{"line":23,"column":2},"end":{"line":32,"column":3}},{"start":{"line":23,"column":2},"end":{"line":32,"column":3}}],"line":23},"3":{"loc":{"start":{"line":23,"column":6},"end":{"line":23,"column":96}},"type":"binary-expr","locations":[{"start":{"line":23,"column":6},"end":{"line":23,"column":24}},{"start":{"line":23,"column":28},"end":{"line":23,"column":53}},{"start":{"line":23,"column":57},"end":{"line":23,"column":96}}],"line":23}},"s":{"0":9,"1":9,"2":29,"3":28,"4":1,"5":0,"6":0,"7":1,"8":9,"9":9},"f":{"0":29,"1":0},"b":{"0":[28,1],"1":[29,29],"2":[0,1],"3":[1,0,0]},"_coverageSchema":"332fd63041d2c1bcb487cc26dd0d5f7d97098a6c","hash":"ad2b807989784197b76caf8b743b99401491b2f5"}
,"/Users/dtoakley/repos/sick-fits/frontend/components/Item.js": {"path":"/Users/dtoakley/repos/sick-fits/frontend/components/Item.js","statementMap":{"0":{"start":{"line":25,"column":25},"end":{"line":25,"column":35}},"1":{"start":{"line":26,"column":8},"end":{"line":56,"column":9}}},"fnMap":{"0":{"name":"(anonymous_0)","decl":{"start":{"line":23,"column":4},"end":{"line":23,"column":5}},"loc":{"start":{"line":23,"column":13},"end":{"line":57,"column":5}},"line":23}},"branchMap":{"0":{"loc":{"start":{"line":28,"column":18},"end":{"line":28,"column":72}},"type":"binary-expr","locations":[{"start":{"line":28,"column":18},"end":{"line":28,"column":28}},{"start":{"line":28,"column":32},"end":{"line":28,"column":72}}],"line":28}},"s":{"0":4,"1":4},"f":{"0":4},"b":{"0":[4,4]},"_coverageSchema":"332fd63041d2c1bcb487cc26dd0d5f7d97098a6c","hash":"9f28258ee703de7d743aadca117d0a9db0733aa9"}
,"/Users/dtoakley/repos/sick-fits/frontend/components/ItemDetails.js": {"path":"/Users/dtoakley/repos/sick-fits/frontend/components/ItemDetails.js","statementMap":{"0":{"start":{"line":9,"column":26},"end":{"line":26,"column":1}},"1":{"start":{"line":12,"column":27},"end":{"line":12,"column":41}},"2":{"start":{"line":28,"column":27},"end":{"line":38,"column":1}},"3":{"start":{"line":43,"column":8},"end":{"line":69,"column":10}},"4":{"start":{"line":50,"column":20},"end":{"line":50,"column":68}},"5":{"start":{"line":50,"column":31},"end":{"line":50,"column":68}},"6":{"start":{"line":51,"column":20},"end":{"line":51,"column":57}},"7":{"start":{"line":51,"column":33},"end":{"line":51,"column":57}},"8":{"start":{"line":52,"column":20},"end":{"line":52,"column":87}},"9":{"start":{"line":52,"column":36},"end":{"line":52,"column":87}},"10":{"start":{"line":54,"column":33},"end":{"line":54,"column":42}},"11":{"start":{"line":55,"column":20},"end":{"line":66,"column":21}}},"fnMap":{"0":{"name":"(anonymous_0)","decl":{"start":{"line":12,"column":18},"end":{"line":12,"column":19}},"loc":{"start":{"line":12,"column":27},"end":{"line":12,"column":41}},"line":12},"1":{"name":"(anonymous_1)","decl":{"start":{"line":42,"column":4},"end":{"line":42,"column":5}},"loc":{"start":{"line":42,"column":13},"end":{"line":70,"column":5}},"line":42},"2":{"name":"(anonymous_2)","decl":{"start":{"line":49,"column":17},"end":{"line":49,"column":18}},"loc":{"start":{"line":49,"column":45},"end":{"line":67,"column":17}},"line":49}},"branchMap":{"0":{"loc":{"start":{"line":50,"column":20},"end":{"line":50,"column":68}},"type":"if","locations":[{"start":{"line":50,"column":20},"end":{"line":50,"column":68}},{"start":{"line":50,"column":20},"end":{"line":50,"column":68}}],"line":50},"1":{"loc":{"start":{"line":51,"column":20},"end":{"line":51,"column":57}},"type":"if","locations":[{"start":{"line":51,"column":20},"end":{"line":51,"column":57}},{"start":{"line":51,"column":20},"end":{"line":51,"column":57}}],"line":51},"2":{"loc":{"start":{"line":52,"column":20},"end":{"line":52,"column":87}},"type":"if","locations":[{"start":{"line":52,"column":20},"end":{"line":52,"column":87}},{"start":{"line":52,"column":20},"end":{"line":52,"column":87}}],"line":52}},"s":{"0":1,"1":1,"2":1,"3":2,"4":4,"5":1,"6":3,"7":2,"8":1,"9":0,"10":1,"11":1},"f":{"0":1,"1":2,"2":4},"b":{"0":[1,3],"1":[2,1],"2":[0,1]},"_coverageSchema":"332fd63041d2c1bcb487cc26dd0d5f7d97098a6c","hash":"afd3613ef6406c572049277b7913a56d8b1b6d8d"}
,"/Users/dtoakley/repos/sick-fits/frontend/components/Items.js": {"path":"/Users/dtoakley/repos/sick-fits/frontend/components/Items.js","statementMap":{"0":{"start":{"line":10,"column":24},"end":{"line":21,"column":1}},"1":{"start":{"line":23,"column":15},"end":{"line":25,"column":1}},"2":{"start":{"line":28,"column":18},"end":{"line":34,"column":1}},"3":{"start":{"line":32,"column":24},"end":{"line":32,"column":44}},"4":{"start":{"line":39,"column":8},"end":{"line":64,"column":9}},"5":{"start":{"line":51,"column":28},"end":{"line":51,"column":64}},"6":{"start":{"line":51,"column":41},"end":{"line":51,"column":64}},"7":{"start":{"line":52,"column":28},"end":{"line":52,"column":78}},"8":{"start":{"line":52,"column":39},"end":{"line":52,"column":78}},"9":{"start":{"line":53,"column":28},"end":{"line":59,"column":40}},"10":{"start":{"line":55,"column":40},"end":{"line":57,"column":47}}},"fnMap":{"0":{"name":"(anonymous_0)","decl":{"start":{"line":32,"column":15},"end":{"line":32,"column":16}},"loc":{"start":{"line":32,"column":24},"end":{"line":32,"column":44}},"line":32},"1":{"name":"(anonymous_1)","decl":{"start":{"line":38,"column":4},"end":{"line":38,"column":5}},"loc":{"start":{"line":38,"column":13},"end":{"line":65,"column":5}},"line":38},"2":{"name":"(anonymous_2)","decl":{"start":{"line":50,"column":25},"end":{"line":50,"column":26}},"loc":{"start":{"line":50,"column":55},"end":{"line":60,"column":25}},"line":50},"3":{"name":"(anonymous_3)","decl":{"start":{"line":54,"column":52},"end":{"line":54,"column":53}},"loc":{"start":{"line":55,"column":40},"end":{"line":57,"column":47}},"line":55}},"branchMap":{"0":{"loc":{"start":{"line":51,"column":28},"end":{"line":51,"column":64}},"type":"if","locations":[{"start":{"line":51,"column":28},"end":{"line":51,"column":64}},{"start":{"line":51,"column":28},"end":{"line":51,"column":64}}],"line":51},"1":{"loc":{"start":{"line":52,"column":28},"end":{"line":52,"column":78}},"type":"if","locations":[{"start":{"line":52,"column":28},"end":{"line":52,"column":78}},{"start":{"line":52,"column":28},"end":{"line":52,"column":78}}],"line":52}},"s":{"0":1,"1":1,"2":1,"3":0,"4":0,"5":0,"6":0,"7":0,"8":0,"9":0,"10":0},"f":{"0":0,"1":0,"2":0,"3":0},"b":{"0":[0,0],"1":[0,0]},"_coverageSchema":"332fd63041d2c1bcb487cc26dd0d5f7d97098a6c","hash":"a7bdf858f54d1eb9a98bb8f560e4983ddaa30dfb"}
,"/Users/dtoakley/repos/sick-fits/frontend/components/Nav.js": {"path":"/Users/dtoakley/repos/sick-fits/frontend/components/Nav.js","statementMap":{"0":{"start":{"line":11,"column":12},"end":{"line":54,"column":1}},"1":{"start":{"line":12,"column":4},"end":{"line":53,"column":11}},"2":{"start":{"line":14,"column":12},"end":{"line":51,"column":24}},"3":{"start":{"line":31,"column":32},"end":{"line":37,"column":41}},"4":{"start":{"line":34,"column":61},"end":{"line":34,"column":86}}},"fnMap":{"0":{"name":"(anonymous_0)","decl":{"start":{"line":11,"column":12},"end":{"line":11,"column":13}},"loc":{"start":{"line":12,"column":4},"end":{"line":53,"column":11}},"line":12},"1":{"name":"(anonymous_1)","decl":{"start":{"line":13,"column":9},"end":{"line":13,"column":10}},"loc":{"start":{"line":14,"column":12},"end":{"line":51,"column":24}},"line":14},"2":{"name":"(anonymous_2)","decl":{"start":{"line":30,"column":29},"end":{"line":30,"column":30}},"loc":{"start":{"line":31,"column":32},"end":{"line":37,"column":41}},"line":31},"3":{"name":"(anonymous_3)","decl":{"start":{"line":34,"column":40},"end":{"line":34,"column":41}},"loc":{"start":{"line":34,"column":61},"end":{"line":34,"column":86}},"line":34}},"branchMap":{"0":{"loc":{"start":{"line":18,"column":17},"end":{"line":43,"column":17}},"type":"binary-expr","locations":[{"start":{"line":18,"column":17},"end":{"line":18,"column":19}},{"start":{"line":19,"column":20},"end":{"line":42,"column":23}}],"line":18},"1":{"loc":{"start":{"line":45,"column":17},"end":{"line":49,"column":17}},"type":"binary-expr","locations":[{"start":{"line":45,"column":17},"end":{"line":45,"column":20}},{"start":{"line":46,"column":20},"end":{"line":48,"column":27}}],"line":45}},"s":{"0":1,"1":3,"2":6,"3":2,"4":3},"f":{"0":3,"1":6,"2":2,"3":3},"b":{"0":[6,2],"1":[6,4]},"_coverageSchema":"332fd63041d2c1bcb487cc26dd0d5f7d97098a6c","hash":"9727464f948e5a7c77b476650221cde960b3d6e3"}
,"/Users/dtoakley/repos/sick-fits/frontend/components/Order.js": {"path":"/Users/dtoakley/repos/sick-fits/frontend/components/Order.js","statementMap":{"0":{"start":{"line":11,"column":24},"end":{"line":31,"column":1}},"1":{"start":{"line":38,"column":8},"end":{"line":90,"column":9}},"2":{"start":{"line":44,"column":20},"end":{"line":44,"column":68}},"3":{"start":{"line":44,"column":31},"end":{"line":44,"column":68}},"4":{"start":{"line":45,"column":20},"end":{"line":45,"column":57}},"5":{"start":{"line":45,"column":33},"end":{"line":45,"column":57}},"6":{"start":{"line":46,"column":34},"end":{"line":46,"column":44}},"7":{"start":{"line":47,"column":20},"end":{"line":87,"column":21}},"8":{"start":{"line":74,"column":36},"end":{"line":83,"column":42}}},"fnMap":{"0":{"name":"(anonymous_0)","decl":{"start":{"line":37,"column":4},"end":{"line":37,"column":5}},"loc":{"start":{"line":37,"column":13},"end":{"line":91,"column":5}},"line":37},"1":{"name":"(anonymous_1)","decl":{"start":{"line":43,"column":17},"end":{"line":43,"column":18}},"loc":{"start":{"line":43,"column":47},"end":{"line":88,"column":17}},"line":43},"2":{"name":"(anonymous_2)","decl":{"start":{"line":73,"column":49},"end":{"line":73,"column":50}},"loc":{"start":{"line":74,"column":36},"end":{"line":83,"column":42}},"line":74}},"branchMap":{"0":{"loc":{"start":{"line":44,"column":20},"end":{"line":44,"column":68}},"type":"if","locations":[{"start":{"line":44,"column":20},"end":{"line":44,"column":68}},{"start":{"line":44,"column":20},"end":{"line":44,"column":68}}],"line":44},"1":{"loc":{"start":{"line":45,"column":20},"end":{"line":45,"column":57}},"type":"if","locations":[{"start":{"line":45,"column":20},"end":{"line":45,"column":57}},{"start":{"line":45,"column":20},"end":{"line":45,"column":57}}],"line":45}},"s":{"0":1,"1":1,"2":2,"3":0,"4":2,"5":1,"6":1,"7":1,"8":2},"f":{"0":1,"1":2,"2":2},"b":{"0":[0,2],"1":[1,1]},"_coverageSchema":"332fd63041d2c1bcb487cc26dd0d5f7d97098a6c","hash":"8215415d7eff2fbfaf21b88252309086f93d5e8e"}
,"/Users/dtoakley/repos/sick-fits/frontend/components/Pagination.js": {"path":"/Users/dtoakley/repos/sick-fits/frontend/components/Pagination.js","statementMap":{"0":{"start":{"line":10,"column":25},"end":{"line":18,"column":1}},"1":{"start":{"line":20,"column":19},"end":{"line":59,"column":1}},"2":{"start":{"line":21,"column":4},"end":{"line":58,"column":6}},"3":{"start":{"line":24,"column":16},"end":{"line":24,"column":52}},"4":{"start":{"line":24,"column":29},"end":{"line":24,"column":52}},"5":{"start":{"line":25,"column":35},"end":{"line":25,"column":71}},"6":{"start":{"line":26,"column":38},"end":{"line":26,"column":69}},"7":{"start":{"line":27,"column":29},"end":{"line":27,"column":39}},"8":{"start":{"line":28,"column":16},"end":{"line":55,"column":17}}},"fnMap":{"0":{"name":"(anonymous_0)","decl":{"start":{"line":20,"column":19},"end":{"line":20,"column":20}},"loc":{"start":{"line":20,"column":28},"end":{"line":59,"column":1}},"line":20},"1":{"name":"(anonymous_1)","decl":{"start":{"line":23,"column":13},"end":{"line":23,"column":14}},"loc":{"start":{"line":23,"column":41},"end":{"line":56,"column":13}},"line":23}},"branchMap":{"0":{"loc":{"start":{"line":24,"column":16},"end":{"line":24,"column":52}},"type":"if","locations":[{"start":{"line":24,"column":16},"end":{"line":24,"column":52}},{"start":{"line":24,"column":16},"end":{"line":24,"column":52}}],"line":24}},"s":{"0":2,"1":2,"2":5,"3":10,"4":5,"5":5,"6":5,"7":5,"8":5},"f":{"0":5,"1":10},"b":{"0":[5,5]},"_coverageSchema":"332fd63041d2c1bcb487cc26dd0d5f7d97098a6c","hash":"e9f19a71bccec64fb535067cc25ede28f4314959"}
,"/Users/dtoakley/repos/sick-fits/frontend/components/PleaseSignIn.js": {"path":"/Users/dtoakley/repos/sick-fits/frontend/components/PleaseSignIn.js","statementMap":{"0":{"start":{"line":8,"column":21},"end":{"line":23,"column":1}},"1":{"start":{"line":9,"column":4},"end":{"line":22,"column":12}},"2":{"start":{"line":11,"column":12},"end":{"line":11,"column":49}},"3":{"start":{"line":11,"column":25},"end":{"line":11,"column":49}},"4":{"start":{"line":12,"column":12},"end":{"line":19,"column":13}},"5":{"start":{"line":13,"column":16},"end":{"line":18,"column":18}},"6":{"start":{"line":20,"column":12},"end":{"line":20,"column":33}}},"fnMap":{"0":{"name":"(anonymous_0)","decl":{"start":{"line":8,"column":21},"end":{"line":8,"column":22}},"loc":{"start":{"line":9,"column":4},"end":{"line":22,"column":12}},"line":9},"1":{"name":"(anonymous_1)","decl":{"start":{"line":10,"column":9},"end":{"line":10,"column":10}},"loc":{"start":{"line":10,"column":32},"end":{"line":21,"column":9}},"line":10}},"branchMap":{"0":{"loc":{"start":{"line":11,"column":12},"end":{"line":11,"column":49}},"type":"if","locations":[{"start":{"line":11,"column":12},"end":{"line":11,"column":49}},{"start":{"line":11,"column":12},"end":{"line":11,"column":49}}],"line":11},"1":{"loc":{"start":{"line":12,"column":12},"end":{"line":19,"column":13}},"type":"if","locations":[{"start":{"line":12,"column":12},"end":{"line":19,"column":13}},{"start":{"line":12,"column":12},"end":{"line":19,"column":13}}],"line":12}},"s":{"0":1,"1":2,"2":4,"3":2,"4":2,"5":1,"6":1},"f":{"0":2,"1":4},"b":{"0":[2,2],"1":[1,1]},"_coverageSchema":"332fd63041d2c1bcb487cc26dd0d5f7d97098a6c","hash":"bddb7a25e4f395d8a3d3363c07230568a45acb95"}
,"/Users/dtoakley/repos/sick-fits/frontend/components/RemoveFromCart.js": {"path":"/Users/dtoakley/repos/sick-fits/frontend/components/RemoveFromCart.js","statementMap":{"0":{"start":{"line":8,"column":34},"end":{"line":14,"column":1}},"1":{"start":{"line":16,"column":18},"end":{"line":24,"column":1}},"2":{"start":{"line":21,"column":22},"end":{"line":21,"column":37}},"3":{"start":{"line":32,"column":21},"end":{"line":32,"column":67}},"4":{"start":{"line":33,"column":27},"end":{"line":33,"column":57}},"5":{"start":{"line":34,"column":8},"end":{"line":34,"column":83}},"6":{"start":{"line":34,"column":55},"end":{"line":34,"column":81}},"7":{"start":{"line":35,"column":8},"end":{"line":35,"column":62}},"8":{"start":{"line":39,"column":23},"end":{"line":39,"column":33}},"9":{"start":{"line":40,"column":8},"end":{"line":67,"column":9}},"10":{"start":{"line":57,"column":20},"end":{"line":64,"column":32}},"11":{"start":{"line":61,"column":28},"end":{"line":61,"column":78}},"12":{"start":{"line":61,"column":58},"end":{"line":61,"column":76}}},"fnMap":{"0":{"name":"(anonymous_0)","decl":{"start":{"line":21,"column":13},"end":{"line":21,"column":14}},"loc":{"start":{"line":21,"column":22},"end":{"line":21,"column":37}},"line":21},"1":{"name":"(anonymous_1)","decl":{"start":{"line":31,"column":13},"end":{"line":31,"column":14}},"loc":{"start":{"line":31,"column":33},"end":{"line":36,"column":5}},"line":31},"2":{"name":"(anonymous_2)","decl":{"start":{"line":34,"column":43},"end":{"line":34,"column":44}},"loc":{"start":{"line":34,"column":55},"end":{"line":34,"column":81}},"line":34},"3":{"name":"(anonymous_3)","decl":{"start":{"line":38,"column":4},"end":{"line":38,"column":5}},"loc":{"start":{"line":38,"column":13},"end":{"line":68,"column":5}},"line":38},"4":{"name":"(anonymous_4)","decl":{"start":{"line":56,"column":17},"end":{"line":56,"column":18}},"loc":{"start":{"line":57,"column":20},"end":{"line":64,"column":32}},"line":57},"5":{"name":"(anonymous_5)","decl":{"start":{"line":60,"column":33},"end":{"line":60,"column":34}},"loc":{"start":{"line":60,"column":39},"end":{"line":62,"column":25}},"line":60},"6":{"name":"(anonymous_6)","decl":{"start":{"line":61,"column":51},"end":{"line":61,"column":52}},"loc":{"start":{"line":61,"column":58},"end":{"line":61,"column":76}},"line":61}},"branchMap":{},"s":{"0":3,"1":3,"2":5,"3":2,"4":2,"5":2,"6":2,"7":2,"8":3,"9":3,"10":5,"11":1,"12":0},"f":{"0":5,"1":2,"2":2,"3":3,"4":5,"5":1,"6":0},"b":{},"_coverageSchema":"332fd63041d2c1bcb487cc26dd0d5f7d97098a6c","hash":"f6c168c1e9be29d15c3cdb85b400a516ce24757c"}
,"/Users/dtoakley/repos/sick-fits/frontend/components/RequestPasswordReset.js": {"path":"/Users/dtoakley/repos/sick-fits/frontend/components/RequestPasswordReset.js","statementMap":{"0":{"start":{"line":8,"column":40},"end":{"line":16,"column":1}},"1":{"start":{"line":25,"column":8},"end":{"line":25,"column":30}},"2":{"start":{"line":26,"column":8},"end":{"line":28,"column":10}},"3":{"start":{"line":32,"column":8},"end":{"line":66,"column":10}},"4":{"start":{"line":38,"column":20},"end":{"line":63,"column":27}},"5":{"start":{"line":42,"column":28},"end":{"line":42,"column":50}},"6":{"start":{"line":43,"column":28},"end":{"line":43,"column":56}},"7":{"start":{"line":44,"column":28},"end":{"line":44,"column":56}}},"fnMap":{"0":{"name":"(anonymous_0)","decl":{"start":{"line":24,"column":19},"end":{"line":24,"column":20}},"loc":{"start":{"line":24,"column":28},"end":{"line":29,"column":5}},"line":24},"1":{"name":"(anonymous_1)","decl":{"start":{"line":31,"column":4},"end":{"line":31,"column":5}},"loc":{"start":{"line":31,"column":13},"end":{"line":67,"column":5}},"line":31},"2":{"name":"(anonymous_2)","decl":{"start":{"line":37,"column":17},"end":{"line":37,"column":18}},"loc":{"start":{"line":38,"column":20},"end":{"line":63,"column":27}},"line":38},"3":{"name":"(anonymous_3)","decl":{"start":{"line":41,"column":34},"end":{"line":41,"column":35}},"loc":{"start":{"line":41,"column":49},"end":{"line":45,"column":25}},"line":41}},"branchMap":{"0":{"loc":{"start":{"line":50,"column":29},"end":{"line":50,"column":111}},"type":"binary-expr","locations":[{"start":{"line":50,"column":29},"end":{"line":50,"column":35}},{"start":{"line":50,"column":39},"end":{"line":50,"column":47}},{"start":{"line":50,"column":51},"end":{"line":50,"column":57}},{"start":{"line":50,"column":61},"end":{"line":50,"column":111}}],"line":50}},"s":{"0":1,"1":1,"2":1,"3":4,"4":6,"5":1,"6":1,"7":1},"f":{"0":1,"1":4,"2":6,"3":1},"b":{"0":[6,6,5,2]},"_coverageSchema":"332fd63041d2c1bcb487cc26dd0d5f7d97098a6c","hash":"0976e76afe5036464ba6c088c9a708a58779cc32"}
,"/Users/dtoakley/repos/sick-fits/frontend/components/Signin.js": {"path":"/Users/dtoakley/repos/sick-fits/frontend/components/Signin.js","statementMap":{"0":{"start":{"line":9,"column":24},"end":{"line":20,"column":1}},"1":{"start":{"line":22,"column":21},"end":{"line":25,"column":1}},"2":{"start":{"line":32,"column":8},"end":{"line":32,"column":30}},"3":{"start":{"line":33,"column":8},"end":{"line":35,"column":10}},"4":{"start":{"line":39,"column":8},"end":{"line":84,"column":10}},"5":{"start":{"line":48,"column":20},"end":{"line":81,"column":27}},"6":{"start":{"line":51,"column":28},"end":{"line":51,"column":50}},"7":{"start":{"line":52,"column":28},"end":{"line":52,"column":42}},"8":{"start":{"line":53,"column":28},"end":{"line":53,"column":55}}},"fnMap":{"0":{"name":"(anonymous_0)","decl":{"start":{"line":31,"column":19},"end":{"line":31,"column":20}},"loc":{"start":{"line":31,"column":28},"end":{"line":36,"column":5}},"line":31},"1":{"name":"(anonymous_1)","decl":{"start":{"line":38,"column":4},"end":{"line":38,"column":5}},"loc":{"start":{"line":38,"column":13},"end":{"line":85,"column":5}},"line":38},"2":{"name":"(anonymous_2)","decl":{"start":{"line":47,"column":17},"end":{"line":47,"column":18}},"loc":{"start":{"line":48,"column":20},"end":{"line":81,"column":27}},"line":48},"3":{"name":"(anonymous_3)","decl":{"start":{"line":50,"column":34},"end":{"line":50,"column":35}},"loc":{"start":{"line":50,"column":49},"end":{"line":54,"column":25}},"line":50}},"branchMap":{},"s":{"0":1,"1":1,"2":0,"3":0,"4":1,"5":1,"6":0,"7":0,"8":0},"f":{"0":0,"1":1,"2":1,"3":0},"b":{},"_coverageSchema":"332fd63041d2c1bcb487cc26dd0d5f7d97098a6c","hash":"0d64503bb2b6c5a3570881e2f9cb7e6b8d5aacb9"}
,"/Users/dtoakley/repos/sick-fits/frontend/components/Signout.js": {"path":"/Users/dtoakley/repos/sick-fits/frontend/components/Signout.js","statementMap":{"0":{"start":{"line":7,"column":26},"end":{"line":13,"column":1}},"1":{"start":{"line":15,"column":16},"end":{"line":24,"column":1}},"2":{"start":{"line":16,"column":4},"end":{"line":23,"column":15}},"3":{"start":{"line":22,"column":20},"end":{"line":22,"column":63}}},"fnMap":{"0":{"name":"(anonymous_0)","decl":{"start":{"line":15,"column":16},"end":{"line":15,"column":17}},"loc":{"start":{"line":16,"column":4},"end":{"line":23,"column":15}},"line":16},"1":{"name":"(anonymous_1)","decl":{"start":{"line":22,"column":9},"end":{"line":22,"column":10}},"loc":{"start":{"line":22,"column":20},"end":{"line":22,"column":63}},"line":22}},"branchMap":{},"s":{"0":1,"1":1,"2":2,"3":2},"f":{"0":2,"1":2},"b":{},"_coverageSchema":"332fd63041d2c1bcb487cc26dd0d5f7d97098a6c","hash":"de72635f100a63694b7c37a668ef2d5068dd6b59"}
,"/Users/dtoakley/repos/sick-fits/frontend/components/Signup.js": {"path":"/Users/dtoakley/repos/sick-fits/frontend/components/Signup.js","statementMap":{"0":{"start":{"line":9,"column":24},"end":{"line":21,"column":1}},"1":{"start":{"line":23,"column":21},"end":{"line":27,"column":1}},"2":{"start":{"line":34,"column":8},"end":{"line":34,"column":30}},"3":{"start":{"line":35,"column":8},"end":{"line":37,"column":10}},"4":{"start":{"line":41,"column":8},"end":{"line":96,"column":10}},"5":{"start":{"line":50,"column":20},"end":{"line":93,"column":27}},"6":{"start":{"line":53,"column":28},"end":{"line":53,"column":50}},"7":{"start":{"line":54,"column":28},"end":{"line":54,"column":42}},"8":{"start":{"line":55,"column":28},"end":{"line":55,"column":55}}},"fnMap":{"0":{"name":"(anonymous_0)","decl":{"start":{"line":33,"column":19},"end":{"line":33,"column":20}},"loc":{"start":{"line":33,"column":28},"end":{"line":38,"column":5}},"line":33},"1":{"name":"(anonymous_1)","decl":{"start":{"line":40,"column":4},"end":{"line":40,"column":5}},"loc":{"start":{"line":40,"column":13},"end":{"line":97,"column":5}},"line":40},"2":{"name":"(anonymous_2)","decl":{"start":{"line":49,"column":17},"end":{"line":49,"column":18}},"loc":{"start":{"line":50,"column":20},"end":{"line":93,"column":27}},"line":50},"3":{"name":"(anonymous_3)","decl":{"start":{"line":52,"column":34},"end":{"line":52,"column":35}},"loc":{"start":{"line":52,"column":49},"end":{"line":56,"column":25}},"line":52}},"branchMap":{},"s":{"0":1,"1":1,"2":3,"3":3,"4":6,"5":8,"6":1,"7":1,"8":1},"f":{"0":3,"1":6,"2":8,"3":1},"b":{},"_coverageSchema":"332fd63041d2c1bcb487cc26dd0d5f7d97098a6c","hash":"e0fab6529219344d17011577f7de75f46eeccea5"}
,"/Users/dtoakley/repos/sick-fits/frontend/components/User.js": {"path":"/Users/dtoakley/repos/sick-fits/frontend/components/User.js","statementMap":{"0":{"start":{"line":7,"column":27},"end":{"line":28,"column":1}},"1":{"start":{"line":29,"column":13},"end":{"line":35,"column":1}},"2":{"start":{"line":30,"column":4},"end":{"line":34,"column":6}},"3":{"start":{"line":32,"column":24},"end":{"line":32,"column":47}},"4":{"start":{"line":37,"column":0},"end":{"line":39,"column":1}}},"fnMap":{"0":{"name":"(anonymous_0)","decl":{"start":{"line":29,"column":13},"end":{"line":29,"column":14}},"loc":{"start":{"line":29,"column":22},"end":{"line":35,"column":1}},"line":29},"1":{"name":"(anonymous_1)","decl":{"start":{"line":32,"column":13},"end":{"line":32,"column":14}},"loc":{"start":{"line":32,"column":24},"end":{"line":32,"column":47}},"line":32}},"branchMap":{},"s":{"0":8,"1":8,"2":9,"3":17,"4":8},"f":{"0":9,"1":17},"b":{},"_coverageSchema":"332fd63041d2c1bcb487cc26dd0d5f7d97098a6c","hash":"c685eaff94e0f5b0df59688ed93463e65f85962d"}
,"/Users/dtoakley/repos/sick-fits/frontend/components/styles/CartStyles.js": {"path":"/Users/dtoakley/repos/sick-fits/frontend/components/styles/CartStyles.js","statementMap":{"0":{"start":{"line":3,"column":19},"end":{"line":45,"column":1}},"1":{"start":{"line":20,"column":13},"end":{"line":20,"column":54}},"2":{"start":{"line":22,"column":40},"end":{"line":22,"column":57}},"3":{"start":{"line":27,"column":39},"end":{"line":27,"column":56}}},"fnMap":{"0":{"name":"(anonymous_0)","decl":{"start":{"line":20,"column":4},"end":{"line":20,"column":5}},"loc":{"start":{"line":20,"column":13},"end":{"line":20,"column":54}},"line":20},"1":{"name":"(anonymous_1)","decl":{"start":{"line":22,"column":31},"end":{"line":22,"column":32}},"loc":{"start":{"line":22,"column":40},"end":{"line":22,"column":57}},"line":22},"2":{"name":"(anonymous_2)","decl":{"start":{"line":27,"column":30},"end":{"line":27,"column":31}},"loc":{"start":{"line":27,"column":39},"end":{"line":27,"column":56}},"line":27}},"branchMap":{"0":{"loc":{"start":{"line":20,"column":13},"end":{"line":20,"column":54}},"type":"binary-expr","locations":[{"start":{"line":20,"column":13},"end":{"line":20,"column":23}},{"start":{"line":20,"column":27},"end":{"line":20,"column":54}}],"line":20}},"s":{"0":2,"1":1,"2":1,"3":1},"f":{"0":1,"1":1,"2":1},"b":{"0":[1,1]},"_coverageSchema":"332fd63041d2c1bcb487cc26dd0d5f7d97098a6c","hash":"4d33abae136a87e5b4c479250a2422caaa16f26f"}
,"/Users/dtoakley/repos/sick-fits/frontend/components/styles/CloseButton.js": {"path":"/Users/dtoakley/repos/sick-fits/frontend/components/styles/CloseButton.js","statementMap":{"0":{"start":{"line":3,"column":20},"end":{"line":11,"column":1}}},"fnMap":{},"branchMap":{},"s":{"0":2},"f":{},"b":{},"_coverageSchema":"332fd63041d2c1bcb487cc26dd0d5f7d97098a6c","hash":"092c22b8290d7e2b8d9fa94d0a1ac24661aa6e37"}
,"/Users/dtoakley/repos/sick-fits/frontend/components/styles/Form.js": {"path":"/Users/dtoakley/repos/sick-fits/frontend/components/styles/Form.js","statementMap":{"0":{"start":{"line":3,"column":16},"end":{"line":13,"column":1}},"1":{"start":{"line":15,"column":13},"end":{"line":67,"column":1}},"2":{"start":{"line":36,"column":31},"end":{"line":36,"column":46}}},"fnMap":{"0":{"name":"(anonymous_0)","decl":{"start":{"line":36,"column":22},"end":{"line":36,"column":23}},"loc":{"start":{"line":36,"column":31},"end":{"line":36,"column":46}},"line":36}},"branchMap":{},"s":{"0":4,"1":4,"2":28},"f":{"0":28},"b":{},"_coverageSchema":"332fd63041d2c1bcb487cc26dd0d5f7d97098a6c","hash":"1f7ccd182b792e5bec4f5cfd09dd43f98af2344f"}
,"/Users/dtoakley/repos/sick-fits/frontend/components/styles/ItemStyles.js": {"path":"/Users/dtoakley/repos/sick-fits/frontend/components/styles/ItemStyles.js","statementMap":{"0":{"start":{"line":3,"column":13},"end":{"line":37,"column":1}},"1":{"start":{"line":5,"column":31},"end":{"line":5,"column":51}},"2":{"start":{"line":6,"column":25},"end":{"line":6,"column":39}},"3":{"start":{"line":26,"column":37},"end":{"line":26,"column":58}},"4":{"start":{"line":29,"column":27},"end":{"line":29,"column":48}}},"fnMap":{"0":{"name":"(anonymous_0)","decl":{"start":{"line":5,"column":22},"end":{"line":5,"column":23}},"loc":{"start":{"line":5,"column":31},"end":{"line":5,"column":51}},"line":5},"1":{"name":"(anonymous_1)","decl":{"start":{"line":6,"column":16},"end":{"line":6,"column":17}},"loc":{"start":{"line":6,"column":25},"end":{"line":6,"column":39}},"line":6},"2":{"name":"(anonymous_2)","decl":{"start":{"line":26,"column":28},"end":{"line":26,"column":29}},"loc":{"start":{"line":26,"column":37},"end":{"line":26,"column":58}},"line":26},"3":{"name":"(anonymous_3)","decl":{"start":{"line":29,"column":18},"end":{"line":29,"column":19}},"loc":{"start":{"line":29,"column":27},"end":{"line":29,"column":48}},"line":29}},"branchMap":{},"s":{"0":1,"1":0,"2":0,"3":0,"4":0},"f":{"0":0,"1":0,"2":0,"3":0},"b":{},"_coverageSchema":"332fd63041d2c1bcb487cc26dd0d5f7d97098a6c","hash":"c1951ca47cb677a41e9b5457a12e99c336c145e9"}
,"/Users/dtoakley/repos/sick-fits/frontend/components/styles/NavStyles.js": {"path":"/Users/dtoakley/repos/sick-fits/frontend/components/styles/NavStyles.js","statementMap":{"0":{"start":{"line":3,"column":18},"end":{"line":65,"column":1}},"1":{"start":{"line":28,"column":29},"end":{"line":28,"column":50}},"2":{"start":{"line":60,"column":37},"end":{"line":60,"column":58}}},"fnMap":{"0":{"name":"(anonymous_0)","decl":{"start":{"line":28,"column":20},"end":{"line":28,"column":21}},"loc":{"start":{"line":28,"column":29},"end":{"line":28,"column":50}},"line":28},"1":{"name":"(anonymous_1)","decl":{"start":{"line":60,"column":28},"end":{"line":60,"column":29}},"loc":{"start":{"line":60,"column":37},"end":{"line":60,"column":58}},"line":60}},"branchMap":{},"s":{"0":1,"1":6,"2":6},"f":{"0":6,"1":6},"b":{},"_coverageSchema":"332fd63041d2c1bcb487cc26dd0d5f7d97098a6c","hash":"73581d4436a47b8db0dd204830d79348bbb7849f"}
,"/Users/dtoakley/repos/sick-fits/frontend/components/styles/OrderStyles.js": {"path":"/Users/dtoakley/repos/sick-fits/frontend/components/styles/OrderStyles.js","statementMap":{"0":{"start":{"line":3,"column":20},"end":{"line":37,"column":1}},"1":{"start":{"line":6,"column":31},"end":{"line":6,"column":51}},"2":{"start":{"line":7,"column":25},"end":{"line":7,"column":39}},"3":{"start":{"line":14,"column":40},"end":{"line":14,"column":60}},"4":{"start":{"line":24,"column":40},"end":{"line":24,"column":60}}},"fnMap":{"0":{"name":"(anonymous_0)","decl":{"start":{"line":6,"column":22},"end":{"line":6,"column":23}},"loc":{"start":{"line":6,"column":31},"end":{"line":6,"column":51}},"line":6},"1":{"name":"(anonymous_1)","decl":{"start":{"line":7,"column":16},"end":{"line":7,"column":17}},"loc":{"start":{"line":7,"column":25},"end":{"line":7,"column":39}},"line":7},"2":{"name":"(anonymous_2)","decl":{"start":{"line":14,"column":31},"end":{"line":14,"column":32}},"loc":{"start":{"line":14,"column":40},"end":{"line":14,"column":60}},"line":14},"3":{"name":"(anonymous_3)","decl":{"start":{"line":24,"column":31},"end":{"line":24,"column":32}},"loc":{"start":{"line":24,"column":40},"end":{"line":24,"column":60}},"line":24}},"branchMap":{},"s":{"0":1,"1":1,"2":1,"3":1,"4":1},"f":{"0":1,"1":1,"2":1,"3":1},"b":{},"_coverageSchema":"332fd63041d2c1bcb487cc26dd0d5f7d97098a6c","hash":"6460f51c3516c7473dc852e6a425065c2c1989bb"}
,"/Users/dtoakley/repos/sick-fits/frontend/components/styles/PaginationStyles.js": {"path":"/Users/dtoakley/repos/sick-fits/frontend/components/styles/PaginationStyles.js","statementMap":{"0":{"start":{"line":3,"column":25},"end":{"line":25,"column":1}},"1":{"start":{"line":11,"column":31},"end":{"line":11,"column":52}},"2":{"start":{"line":16,"column":39},"end":{"line":16,"column":60}}},"fnMap":{"0":{"name":"(anonymous_0)","decl":{"start":{"line":11,"column":22},"end":{"line":11,"column":23}},"loc":{"start":{"line":11,"column":31},"end":{"line":11,"column":52}},"line":11},"1":{"name":"(anonymous_1)","decl":{"start":{"line":16,"column":30},"end":{"line":16,"column":31}},"loc":{"start":{"line":16,"column":39},"end":{"line":16,"column":60}},"line":16}},"branchMap":{},"s":{"0":2,"1":5,"2":5},"f":{"0":5,"1":5},"b":{},"_coverageSchema":"332fd63041d2c1bcb487cc26dd0d5f7d97098a6c","hash":"54831d5dbaa9a6ccce6a830bca59b97ff756e759"}
,"/Users/dtoakley/repos/sick-fits/frontend/components/styles/PriceTag.js": {"path":"/Users/dtoakley/repos/sick-fits/frontend/components/styles/PriceTag.js","statementMap":{"0":{"start":{"line":3,"column":17},"end":{"line":15,"column":1}},"1":{"start":{"line":4,"column":25},"end":{"line":4,"column":40}}},"fnMap":{"0":{"name":"(anonymous_0)","decl":{"start":{"line":4,"column":16},"end":{"line":4,"column":17}},"loc":{"start":{"line":4,"column":25},"end":{"line":4,"column":40}},"line":4}},"branchMap":{},"s":{"0":1,"1":0},"f":{"0":0},"b":{},"_coverageSchema":"332fd63041d2c1bcb487cc26dd0d5f7d97098a6c","hash":"d6c7603aba4a77d09a2a78f4a06acf55178ce4db"}
,"/Users/dtoakley/repos/sick-fits/frontend/components/styles/SickButton.js": {"path":"/Users/dtoakley/repos/sick-fits/frontend/components/styles/SickButton.js","statementMap":{"0":{"start":{"line":3,"column":19},"end":{"line":18,"column":1}}},"fnMap":{},"branchMap":{},"s":{"0":2},"f":{},"b":{},"_coverageSchema":"332fd63041d2c1bcb487cc26dd0d5f7d97098a6c","hash":"c4f50e784bd7504e8eac4ddbc0c95c3ce6d7f39d"}
,"/Users/dtoakley/repos/sick-fits/frontend/components/styles/Supreme.js": {"path":"/Users/dtoakley/repos/sick-fits/frontend/components/styles/Supreme.js","statementMap":{"0":{"start":{"line":3,"column":16},"end":{"line":11,"column":1}},"1":{"start":{"line":4,"column":25},"end":{"line":4,"column":40}}},"fnMap":{"0":{"name":"(anonymous_0)","decl":{"start":{"line":4,"column":16},"end":{"line":4,"column":17}},"loc":{"start":{"line":4,"column":25},"end":{"line":4,"column":40}},"line":4}},"branchMap":{},"s":{"0":2,"1":1},"f":{"0":1},"b":{},"_coverageSchema":"332fd63041d2c1bcb487cc26dd0d5f7d97098a6c","hash":"9289eee35fe25401cd51c95626c72699ae4d799f"}
,"/Users/dtoakley/repos/sick-fits/frontend/components/styles/Title.js": {"path":"/Users/dtoakley/repos/sick-fits/frontend/components/styles/Title.js","statementMap":{"0":{"start":{"line":3,"column":14},"end":{"line":18,"column":1}},"1":{"start":{"line":10,"column":27},"end":{"line":10,"column":42}}},"fnMap":{"0":{"name":"(anonymous_0)","decl":{"start":{"line":10,"column":18},"end":{"line":10,"column":19}},"loc":{"start":{"line":10,"column":27},"end":{"line":10,"column":42}},"line":10}},"branchMap":{},"s":{"0":1,"1":0},"f":{"0":0},"b":{},"_coverageSchema":"332fd63041d2c1bcb487cc26dd0d5f7d97098a6c","hash":"00146f873acf7735fbd1fce4ae603649ddd08722"}
,"/Users/dtoakley/repos/sick-fits/frontend/lib/calcTotalPrice.js": {"path":"/Users/dtoakley/repos/sick-fits/frontend/lib/calcTotalPrice.js","statementMap":{"0":{"start":{"line":2,"column":2},"end":{"line":5,"column":8}},"1":{"start":{"line":3,"column":4},"end":{"line":3,"column":37}},"2":{"start":{"line":3,"column":24},"end":{"line":3,"column":37}},"3":{"start":{"line":4,"column":4},"end":{"line":4,"column":59}}},"fnMap":{"0":{"name":"calcTotalPrice","decl":{"start":{"line":1,"column":9},"end":{"line":1,"column":23}},"loc":{"start":{"line":1,"column":30},"end":{"line":6,"column":1}},"line":1},"1":{"name":"(anonymous_1)","decl":{"start":{"line":2,"column":21},"end":{"line":2,"column":22}},"loc":{"start":{"line":2,"column":42},"end":{"line":5,"column":3}},"line":2}},"branchMap":{"0":{"loc":{"start":{"line":3,"column":4},"end":{"line":3,"column":37}},"type":"if","locations":[{"start":{"line":3,"column":4},"end":{"line":3,"column":37}},{"start":{"line":3,"column":4},"end":{"line":3,"column":37}}],"line":3}},"s":{"0":6,"1":6,"2":0,"3":6},"f":{"0":6,"1":6},"b":{"0":[0,6]},"_coverageSchema":"332fd63041d2c1bcb487cc26dd0d5f7d97098a6c","hash":"afb8d0c422bc0d2e1574c418747b110033e14aa0"}
,"/Users/dtoakley/repos/sick-fits/frontend/lib/formatMoney.js": {"path":"/Users/dtoakley/repos/sick-fits/frontend/lib/formatMoney.js","statementMap":{"0":{"start":{"line":2,"column":18},"end":{"line":6,"column":3}},"1":{"start":{"line":8,"column":2},"end":{"line":8,"column":60}},"2":{"start":{"line":8,"column":26},"end":{"line":8,"column":60}},"3":{"start":{"line":9,"column":20},"end":{"line":9,"column":59}},"4":{"start":{"line":10,"column":2},"end":{"line":10,"column":40}}},"fnMap":{"0":{"name":"(anonymous_0)","decl":{"start":{"line":1,"column":15},"end":{"line":1,"column":16}},"loc":{"start":{"line":1,"column":32},"end":{"line":11,"column":1}},"line":1}},"branchMap":{"0":{"loc":{"start":{"line":8,"column":2},"end":{"line":8,"column":60}},"type":"if","locations":[{"start":{"line":8,"column":2},"end":{"line":8,"column":60}},{"start":{"line":8,"column":2},"end":{"line":8,"column":60}}],"line":8}},"s":{"0":21,"1":21,"2":14,"3":21,"4":21},"f":{"0":21},"b":{"0":[14,7]},"_coverageSchema":"332fd63041d2c1bcb487cc26dd0d5f7d97098a6c","hash":"2766aa5bdda76ad96748eac7ae8108c67a1ceb3e"}
,"/Users/dtoakley/repos/sick-fits/frontend/lib/testUtils.js": {"path":"/Users/dtoakley/repos/sick-fits/frontend/lib/testUtils.js","statementMap":{"0":{"start":{"line":4,"column":0},"end":{"line":4,"column":17}},"1":{"start":{"line":6,"column":17},"end":{"line":15,"column":2}},"2":{"start":{"line":6,"column":24},"end":{"line":15,"column":1}},"3":{"start":{"line":17,"column":17},"end":{"line":25,"column":2}},"4":{"start":{"line":17,"column":24},"end":{"line":25,"column":1}},"5":{"start":{"line":27,"column":22},"end":{"line":35,"column":2}},"6":{"start":{"line":27,"column":29},"end":{"line":35,"column":1}},"7":{"start":{"line":37,"column":18},"end":{"line":45,"column":2}},"8":{"start":{"line":37,"column":25},"end":{"line":45,"column":1}},"9":{"start":{"line":47,"column":21},"end":{"line":54,"column":2}},"10":{"start":{"line":47,"column":35},"end":{"line":54,"column":1}},"11":{"start":{"line":58,"column":4},"end":{"line":58,"column":20}},"12":{"start":{"line":62,"column":4},"end":{"line":62,"column":20}},"13":{"start":{"line":66,"column":4},"end":{"line":66,"column":35}},"14":{"start":{"line":70,"column":4},"end":{"line":70,"column":39}},"15":{"start":{"line":74,"column":4},"end":{"line":74,"column":27}}},"fnMap":{"0":{"name":"(anonymous_0)","decl":{"start":{"line":6,"column":17},"end":{"line":6,"column":18}},"loc":{"start":{"line":6,"column":24},"end":{"line":15,"column":1}},"line":6},"1":{"name":"(anonymous_1)","decl":{"start":{"line":17,"column":17},"end":{"line":17,"column":18}},"loc":{"start":{"line":17,"column":24},"end":{"line":25,"column":1}},"line":17},"2":{"name":"(anonymous_2)","decl":{"start":{"line":27,"column":22},"end":{"line":27,"column":23}},"loc":{"start":{"line":27,"column":29},"end":{"line":35,"column":1}},"line":27},"3":{"name":"(anonymous_3)","decl":{"start":{"line":37,"column":18},"end":{"line":37,"column":19}},"loc":{"start":{"line":37,"column":25},"end":{"line":45,"column":1}},"line":37},"4":{"name":"(anonymous_4)","decl":{"start":{"line":47,"column":21},"end":{"line":47,"column":22}},"loc":{"start":{"line":47,"column":35},"end":{"line":54,"column":1}},"line":47},"5":{"name":"(anonymous_5)","decl":{"start":{"line":57,"column":2},"end":{"line":57,"column":3}},"loc":{"start":{"line":57,"column":16},"end":{"line":59,"column":3}},"line":57},"6":{"name":"(anonymous_6)","decl":{"start":{"line":61,"column":2},"end":{"line":61,"column":3}},"loc":{"start":{"line":61,"column":10},"end":{"line":63,"column":3}},"line":61},"7":{"name":"(anonymous_7)","decl":{"start":{"line":65,"column":2},"end":{"line":65,"column":3}},"loc":{"start":{"line":65,"column":15},"end":{"line":67,"column":3}},"line":65},"8":{"name":"(anonymous_8)","decl":{"start":{"line":69,"column":2},"end":{"line":69,"column":3}},"loc":{"start":{"line":69,"column":22},"end":{"line":71,"column":3}},"line":69},"9":{"name":"(anonymous_9)","decl":{"start":{"line":73,"column":2},"end":{"line":73,"column":3}},"loc":{"start":{"line":73,"column":18},"end":{"line":75,"column":3}},"line":73}},"branchMap":{"0":{"loc":{"start":{"line":66,"column":11},"end":{"line":66,"column":34}},"type":"binary-expr","locations":[{"start":{"line":66,"column":11},"end":{"line":66,"column":26}},{"start":{"line":66,"column":30},"end":{"line":66,"column":34}}],"line":66}},"s":{"0":10,"1":10,"2":10,"3":10,"4":18,"5":10,"6":2,"7":10,"8":1,"9":10,"10":8,"11":0,"12":0,"13":0,"14":0,"15":0},"f":{"0":10,"1":18,"2":2,"3":1,"4":8,"5":0,"6":0,"7":0,"8":0,"9":0},"b":{"0":[0,0]},"_coverageSchema":"332fd63041d2c1bcb487cc26dd0d5f7d97098a6c","hash":"8390d69c06d584433b4a54d8eb13abf47cd029f3"}
}
