TN:
SF:/Users/dtoakley/repos/sick-fits/frontend/config.js
FNF:0
FNH:0
DA:2,2
DA:3,2
DA:5,2
LF:3
LH:3
BRF:0
BRH:0
end_of_record
TN:
SF:/Users/dtoakley/repos/sick-fits/frontend/jest.setup.js
FNF:0
FNH:0
DA:4,15
LF:1
LH:1
BRF:0
BRH:0
end_of_record
TN:
SF:/Users/dtoakley/repos/sick-fits/frontend/components/AddToCart.js
FN:18,(anonymous_0)
FN:30,(anonymous_1)
FNF:2
FNH:2
FNDA:3,(anonymous_0)
FNDA:6,(anonymous_1)
DA:7,2
DA:19,3
DA:20,3
DA:31,6
LF:4
LH:4
BRDA:32,0,0,6
BRDA:32,0,1,2
BRF:2
BRH:2
end_of_record
TN:
SF:/Users/dtoakley/repos/sick-fits/frontend/components/Cart.js
FN:29,(anonymous_0)
FN:30,(anonymous_1)
FN:31,(anonymous_2)
FN:34,(anonymous_3)
FN:36,(anonymous_4)
FN:49,(anonymous_5)
FNF:6
FNH:6
FNDA:1,(anonymous_0)
FNDA:2,(anonymous_1)
FNDA:2,(anonymous_2)
FNDA:1,(anonymous_3)
FNDA:3,(anonymous_4)
FNDA:1,(anonymous_5)
DA:16,2
DA:22,2
DA:28,2
DA:29,1
DA:30,2
DA:31,2
DA:34,2
DA:35,1
DA:37,3
DA:38,3
DA:39,1
DA:49,1
LF:12
LH:12
BRDA:38,0,0,2
BRDA:38,0,1,1
BRDA:46,1,0,1
BRDA:46,1,1,0
BRDA:53,2,0,1
BRDA:53,2,1,1
BRF:6
BRH:5
end_of_record
TN:
SF:/Users/dtoakley/repos/sick-fits/frontend/components/CartCount.js
FN:32,(anonymous_0)
FN:44,(anonymous_1)
FNF:2
FNH:2
FNDA:2,(anonymous_0)
FNDA:6,(anonymous_1)
DA:6,2
DA:31,2
DA:32,2
DA:44,2
DA:45,6
DA:60,2
LF:6
LH:6
BRF:0
BRH:0
end_of_record
TN:
SF:/Users/dtoakley/repos/sick-fits/frontend/components/CartItem.js
FN:10,(anonymous_0)
FN:23,(anonymous_1)
FNF:2
FNH:2
FNDA:1,(anonymous_0)
FNDA:1,(anonymous_1)
DA:8,2
DA:10,1
DA:23,2
DA:24,1
DA:28,1
DA:46,2
LF:6
LH:6
BRDA:24,0,0,0
BRDA:24,0,1,1
BRF:2
BRH:1
end_of_record
TN:
SF:/Users/dtoakley/repos/sick-fits/frontend/components/ChargeCustomer.js
FN:27,totalItems
FN:28,(anonymous_1)
FN:34,(anonymous_2)
FN:40,(anonymous_3)
FN:48,(anonymous_4)
FN:51,(anonymous_5)
FN:58,(anonymous_6)
FN:67,(anonymous_7)
FNF:8
FNH:6
FNDA:5,totalItems
FNDA:5,(anonymous_1)
FNDA:3,(anonymous_2)
FNDA:0,(anonymous_3)
FNDA:5,(anonymous_4)
FNDA:9,(anonymous_5)
FNDA:5,(anonymous_6)
FNDA:0,(anonymous_7)
DA:13,3
DA:28,5
DA:35,3
DA:36,3
DA:40,0
DA:42,3
DA:49,5
DA:52,9
DA:53,5
DA:59,5
DA:67,0
LF:11
LH:9
BRDA:52,0,0,4
BRDA:52,0,1,5
BRDA:63,1,0,5
BRDA:63,1,1,5
BRDA:63,1,2,5
BRF:5
BRH:5
end_of_record
TN:
SF:/Users/dtoakley/repos/sick-fits/frontend/components/CreateItem.js
FN:39,(anonymous_0)
FN:47,(anonymous_1)
FN:65,(anonymous_2)
FN:68,(anonymous_3)
FN:69,(anonymous_4)
FNF:5
FNH:5
FNDA:6,(anonymous_0)
FNDA:1,(anonymous_1)
FNDA:11,(anonymous_2)
FNDA:13,(anonymous_3)
FNDA:1,(anonymous_4)
DA:10,1
DA:40,6
DA:41,6
DA:42,6
DA:48,1
DA:49,1
DA:50,1
DA:51,1
DA:53,1
DA:57,1
DA:59,1
DA:66,11
DA:69,13
DA:70,1
DA:71,1
DA:72,1
LF:16
LH:16
BRDA:41,0,0,2
BRDA:41,0,1,4
BRDA:112,1,0,13
BRDA:112,1,1,1
BRF:4
BRH:4
end_of_record
TN:
SF:/Users/dtoakley/repos/sick-fits/frontend/components/DeleteItem.js
FN:17,(anonymous_0)
FN:23,(anonymous_1)
FN:29,(anonymous_2)
FN:36,(anonymous_3)
FN:37,(anonymous_4)
FN:39,(anonymous_5)
FNF:6
FNH:0
FNDA:0,(anonymous_0)
FNDA:0,(anonymous_1)
FNDA:0,(anonymous_2)
FNDA:0,(anonymous_3)
FNDA:0,(anonymous_4)
FNDA:0,(anonymous_5)
DA:7,1
DA:20,0
DA:23,0
DA:26,0
DA:30,0
DA:37,0
DA:38,0
DA:39,0
DA:40,0
LF:9
LH:1
BRDA:38,0,0,0
BRDA:38,0,1,0
BRF:2
BRH:0
end_of_record
TN:
SF:/Users/dtoakley/repos/sick-fits/frontend/components/ErrorMessage.js
FN:21,(anonymous_0)
FN:24,(anonymous_1)
FNF:2
FNH:1
FNDA:29,(anonymous_0)
FNDA:0,(anonymous_1)
DA:6,9
DA:21,9
DA:22,29
DA:23,1
DA:24,0
DA:25,0
DA:33,1
DA:43,9
DA:47,9
LF:9
LH:7
BRDA:22,0,0,28
BRDA:22,0,1,1
BRDA:22,1,0,29
BRDA:22,1,1,29
BRDA:23,2,0,0
BRDA:23,2,1,1
BRDA:23,3,0,1
BRDA:23,3,1,0
BRDA:23,3,2,0
BRF:9
BRH:6
end_of_record
TN:
SF:/Users/dtoakley/repos/sick-fits/frontend/components/Item.js
FN:23,(anonymous_0)
FNF:1
FNH:1
FNDA:4,(anonymous_0)
DA:25,4
DA:26,4
LF:2
LH:2
BRDA:28,0,0,4
BRDA:28,0,1,4
BRF:2
BRH:2
end_of_record
TN:
SF:/Users/dtoakley/repos/sick-fits/frontend/components/ItemDetails.js
FN:12,(anonymous_0)
FN:42,(anonymous_1)
FN:49,(anonymous_2)
FNF:3
FNH:3
FNDA:1,(anonymous_0)
FNDA:2,(anonymous_1)
FNDA:4,(anonymous_2)
DA:9,1
DA:12,1
DA:28,1
DA:43,2
DA:50,4
DA:51,3
DA:52,1
DA:54,1
DA:55,1
LF:9
LH:9
BRDA:50,0,0,1
BRDA:50,0,1,3
BRDA:51,1,0,2
BRDA:51,1,1,1
BRDA:52,2,0,0
BRDA:52,2,1,1
BRF:6
BRH:5
end_of_record
TN:
SF:/Users/dtoakley/repos/sick-fits/frontend/components/Items.js
FN:32,(anonymous_0)
FN:38,(anonymous_1)
FN:50,(anonymous_2)
FN:54,(anonymous_3)
FNF:4
FNH:0
FNDA:0,(anonymous_0)
FNDA:0,(anonymous_1)
FNDA:0,(anonymous_2)
FNDA:0,(anonymous_3)
DA:10,1
DA:23,1
DA:28,1
DA:32,0
DA:39,0
DA:51,0
DA:52,0
DA:53,0
DA:55,0
LF:9
LH:3
BRDA:51,0,0,0
BRDA:51,0,1,0
BRDA:52,1,0,0
BRDA:52,1,1,0
BRF:4
BRH:0
end_of_record
TN:
SF:/Users/dtoakley/repos/sick-fits/frontend/components/Nav.js
FN:11,(anonymous_0)
FN:13,(anonymous_1)
FN:30,(anonymous_2)
FN:34,(anonymous_3)
FNF:4
FNH:4
FNDA:3,(anonymous_0)
FNDA:6,(anonymous_1)
FNDA:2,(anonymous_2)
FNDA:3,(anonymous_3)
DA:11,1
DA:12,3
DA:14,6
DA:31,2
DA:34,3
LF:5
LH:5
BRDA:18,0,0,6
BRDA:18,0,1,2
BRDA:45,1,0,6
BRDA:45,1,1,4
BRF:4
BRH:4
end_of_record
TN:
SF:/Users/dtoakley/repos/sick-fits/frontend/components/Order.js
FN:37,(anonymous_0)
FN:43,(anonymous_1)
FN:73,(anonymous_2)
FNF:3
FNH:3
FNDA:1,(anonymous_0)
FNDA:2,(anonymous_1)
FNDA:2,(anonymous_2)
DA:11,1
DA:38,1
DA:44,2
DA:45,2
DA:46,1
DA:47,1
DA:74,2
LF:7
LH:7
BRDA:44,0,0,0
BRDA:44,0,1,2
BRDA:45,1,0,1
BRDA:45,1,1,1
BRF:4
BRH:3
end_of_record
TN:
SF:/Users/dtoakley/repos/sick-fits/frontend/components/Pagination.js
FN:20,(anonymous_0)
FN:23,(anonymous_1)
FNF:2
FNH:2
FNDA:5,(anonymous_0)
FNDA:10,(anonymous_1)
DA:10,2
DA:20,2
DA:21,5
DA:24,10
DA:25,5
DA:26,5
DA:27,5
DA:28,5
LF:8
LH:8
BRDA:24,0,0,5
BRDA:24,0,1,5
BRF:2
BRH:2
end_of_record
TN:
SF:/Users/dtoakley/repos/sick-fits/frontend/components/PleaseSignIn.js
FN:8,(anonymous_0)
FN:10,(anonymous_1)
FNF:2
FNH:2
FNDA:2,(anonymous_0)
FNDA:4,(anonymous_1)
DA:8,1
DA:9,2
DA:11,4
DA:12,2
DA:13,1
DA:20,1
LF:6
LH:6
BRDA:11,0,0,2
BRDA:11,0,1,2
BRDA:12,1,0,1
BRDA:12,1,1,1
BRF:4
BRH:4
end_of_record
TN:
SF:/Users/dtoakley/repos/sick-fits/frontend/components/RemoveFromCart.js
FN:21,(anonymous_0)
FN:31,(anonymous_1)
FN:34,(anonymous_2)
FN:38,(anonymous_3)
FN:56,(anonymous_4)
FN:60,(anonymous_5)
FN:61,(anonymous_6)
FNF:7
FNH:6
FNDA:5,(anonymous_0)
FNDA:2,(anonymous_1)
FNDA:2,(anonymous_2)
FNDA:3,(anonymous_3)
FNDA:5,(anonymous_4)
FNDA:1,(anonymous_5)
FNDA:0,(anonymous_6)
DA:8,3
DA:16,3
DA:21,5
DA:32,2
DA:33,2
DA:34,2
DA:35,2
DA:39,3
DA:40,3
DA:57,5
DA:61,1
LF:11
LH:11
BRF:0
BRH:0
end_of_record
TN:
SF:/Users/dtoakley/repos/sick-fits/frontend/components/RequestPasswordReset.js
FN:24,(anonymous_0)
FN:31,(anonymous_1)
FN:37,(anonymous_2)
FN:41,(anonymous_3)
FNF:4
FNH:4
FNDA:1,(anonymous_0)
FNDA:4,(anonymous_1)
FNDA:6,(anonymous_2)
FNDA:1,(anonymous_3)
DA:8,1
DA:25,1
DA:26,1
DA:32,4
DA:38,6
DA:42,1
DA:43,1
DA:44,1
LF:8
LH:8
BRDA:50,0,0,6
BRDA:50,0,1,6
BRDA:50,0,2,5
BRDA:50,0,3,2
BRF:4
BRH:4
end_of_record
TN:
SF:/Users/dtoakley/repos/sick-fits/frontend/components/Signin.js
FN:31,(anonymous_0)
FN:38,(anonymous_1)
FN:47,(anonymous_2)
FN:50,(anonymous_3)
FNF:4
FNH:2
FNDA:0,(anonymous_0)
FNDA:1,(anonymous_1)
FNDA:1,(anonymous_2)
FNDA:0,(anonymous_3)
DA:9,1
DA:22,1
DA:32,0
DA:33,0
DA:39,1
DA:48,1
DA:51,0
DA:52,0
DA:53,0
LF:9
LH:4
BRF:0
BRH:0
end_of_record
TN:
SF:/Users/dtoakley/repos/sick-fits/frontend/components/Signout.js
FN:15,(anonymous_0)
FN:22,(anonymous_1)
FNF:2
FNH:2
FNDA:2,(anonymous_0)
FNDA:2,(anonymous_1)
DA:7,1
DA:15,1
DA:16,2
DA:22,2
LF:4
LH:4
BRF:0
BRH:0
end_of_record
TN:
SF:/Users/dtoakley/repos/sick-fits/frontend/components/Signup.js
FN:33,(anonymous_0)
FN:40,(anonymous_1)
FN:49,(anonymous_2)
FN:52,(anonymous_3)
FNF:4
FNH:4
FNDA:3,(anonymous_0)
FNDA:6,(anonymous_1)
FNDA:8,(anonymous_2)
FNDA:1,(anonymous_3)
DA:9,1
DA:23,1
DA:34,3
DA:35,3
DA:41,6
DA:50,8
DA:53,1
DA:54,1
DA:55,1
LF:9
LH:9
BRF:0
BRH:0
end_of_record
TN:
SF:/Users/dtoakley/repos/sick-fits/frontend/components/User.js
FN:29,(anonymous_0)
FN:32,(anonymous_1)
FNF:2
FNH:2
FNDA:9,(anonymous_0)
FNDA:17,(anonymous_1)
DA:7,8
DA:29,8
DA:30,9
DA:32,17
DA:37,8
LF:5
LH:5
BRF:0
BRH:0
end_of_record
TN:
SF:/Users/dtoakley/repos/sick-fits/frontend/components/styles/CartStyles.js
FN:20,(anonymous_0)
FN:22,(anonymous_1)
FN:27,(anonymous_2)
FNF:3
FNH:3
FNDA:1,(anonymous_0)
FNDA:1,(anonymous_1)
FNDA:1,(anonymous_2)
DA:3,2
DA:20,1
DA:22,1
DA:27,1
LF:4
LH:4
BRDA:20,0,0,1
BRDA:20,0,1,1
BRF:2
BRH:2
end_of_record
TN:
SF:/Users/dtoakley/repos/sick-fits/frontend/components/styles/CloseButton.js
FNF:0
FNH:0
DA:3,2
LF:1
LH:1
BRF:0
BRH:0
end_of_record
TN:
SF:/Users/dtoakley/repos/sick-fits/frontend/components/styles/Form.js
FN:36,(anonymous_0)
FNF:1
FNH:1
FNDA:28,(anonymous_0)
DA:3,4
DA:15,4
DA:36,28
LF:3
LH:3
BRF:0
BRH:0
end_of_record
TN:
SF:/Users/dtoakley/repos/sick-fits/frontend/components/styles/ItemStyles.js
FN:5,(anonymous_0)
FN:6,(anonymous_1)
FN:26,(anonymous_2)
FN:29,(anonymous_3)
FNF:4
FNH:0
FNDA:0,(anonymous_0)
FNDA:0,(anonymous_1)
FNDA:0,(anonymous_2)
FNDA:0,(anonymous_3)
DA:3,1
DA:5,0
DA:6,0
DA:26,0
DA:29,0
LF:5
LH:1
BRF:0
BRH:0
end_of_record
TN:
SF:/Users/dtoakley/repos/sick-fits/frontend/components/styles/NavStyles.js
FN:28,(anonymous_0)
FN:60,(anonymous_1)
FNF:2
FNH:2
FNDA:6,(anonymous_0)
FNDA:6,(anonymous_1)
DA:3,1
DA:28,6
DA:60,6
LF:3
LH:3
BRF:0
BRH:0
end_of_record
TN:
SF:/Users/dtoakley/repos/sick-fits/frontend/components/styles/OrderStyles.js
FN:6,(anonymous_0)
FN:7,(anonymous_1)
FN:14,(anonymous_2)
FN:24,(anonymous_3)
FNF:4
FNH:4
FNDA:1,(anonymous_0)
FNDA:1,(anonymous_1)
FNDA:1,(anonymous_2)
FNDA:1,(anonymous_3)
DA:3,1
DA:6,1
DA:7,1
DA:14,1
DA:24,1
LF:5
LH:5
BRF:0
BRH:0
end_of_record
TN:
SF:/Users/dtoakley/repos/sick-fits/frontend/components/styles/PaginationStyles.js
FN:11,(anonymous_0)
FN:16,(anonymous_1)
FNF:2
FNH:2
FNDA:5,(anonymous_0)
FNDA:5,(anonymous_1)
DA:3,2
DA:11,5
DA:16,5
LF:3
LH:3
BRF:0
BRH:0
end_of_record
TN:
SF:/Users/dtoakley/repos/sick-fits/frontend/components/styles/PriceTag.js
FN:4,(anonymous_0)
FNF:1
FNH:0
FNDA:0,(anonymous_0)
DA:3,1
DA:4,0
LF:2
LH:1
BRF:0
BRH:0
end_of_record
TN:
SF:/Users/dtoakley/repos/sick-fits/frontend/components/styles/SickButton.js
FNF:0
FNH:0
DA:3,2
LF:1
LH:1
BRF:0
BRH:0
end_of_record
TN:
SF:/Users/dtoakley/repos/sick-fits/frontend/components/styles/Supreme.js
FN:4,(anonymous_0)
FNF:1
FNH:1
FNDA:1,(anonymous_0)
DA:3,2
DA:4,1
LF:2
LH:2
BRF:0
BRH:0
end_of_record
TN:
SF:/Users/dtoakley/repos/sick-fits/frontend/components/styles/Title.js
FN:10,(anonymous_0)
FNF:1
FNH:0
FNDA:0,(anonymous_0)
DA:3,1
DA:10,0
LF:2
LH:1
BRF:0
BRH:0
end_of_record
TN:
SF:/Users/dtoakley/repos/sick-fits/frontend/lib/calcTotalPrice.js
FN:1,calcTotalPrice
FN:2,(anonymous_1)
FNF:2
FNH:2
FNDA:6,calcTotalPrice
FNDA:6,(anonymous_1)
DA:2,6
DA:3,6
DA:4,6
LF:3
LH:3
BRDA:3,0,0,0
BRDA:3,0,1,6
BRF:2
BRH:1
end_of_record
TN:
SF:/Users/dtoakley/repos/sick-fits/frontend/lib/formatMoney.js
FN:1,(anonymous_0)
FNF:1
FNH:1
FNDA:21,(anonymous_0)
DA:2,21
DA:8,21
DA:9,21
DA:10,21
LF:4
LH:4
BRDA:8,0,0,14
BRDA:8,0,1,7
BRF:2
BRH:2
end_of_record
TN:
SF:/Users/dtoakley/repos/sick-fits/frontend/lib/testUtils.js
FN:6,(anonymous_0)
FN:17,(anonymous_1)
FN:27,(anonymous_2)
FN:37,(anonymous_3)
FN:47,(anonymous_4)
FN:57,(anonymous_5)
FN:61,(anonymous_6)
FN:65,(anonymous_7)
FN:69,(anonymous_8)
FN:73,(anonymous_9)
FNF:10
FNH:5
FNDA:10,(anonymous_0)
FNDA:18,(anonymous_1)
FNDA:2,(anonymous_2)
FNDA:1,(anonymous_3)
FNDA:8,(anonymous_4)
FNDA:0,(anonymous_5)
FNDA:0,(anonymous_6)
FNDA:0,(anonymous_7)
FNDA:0,(anonymous_8)
FNDA:0,(anonymous_9)
DA:4,10
DA:6,10
DA:17,18
DA:27,10
DA:37,10
DA:47,10
DA:58,0
DA:62,0
DA:66,0
DA:70,0
DA:74,0
LF:11
LH:6
BRDA:66,0,0,0
BRDA:66,0,1,0
BRF:2
BRH:0
end_of_record
